{"C:\\Users\\james\\Documents\\Development\\alsatian\\cli\\startup.ts":{"path":"C:\\Users\\james\\Documents\\Development\\alsatian\\cli\\startup.ts","statementMap":{"0":{"start":{"line":1,"column":0},"end":{"line":1,"column":78}},"1":{"start":{"line":2,"column":0},"end":{"line":2,"column":50}},"2":{"start":{"line":3,"column":0},"end":{"line":3,"column":60}},"3":{"start":{"line":6,"column":22},"end":{"line":6,"column":67}},"4":{"start":{"line":9,"column":16},"end":{"line":9,"column":31}},"5":{"start":{"line":10,"column":0},"end":{"line":10,"column":51}},"6":{"start":{"line":12,"column":15},"end":{"line":12,"column":45}},"7":{"start":{"line":15,"column":17},"end":{"line":15,"column":39}},"8":{"start":{"line":18,"column":20},"end":{"line":18,"column":49}},"9":{"start":{"line":19,"column":0},"end":{"line":19,"column":50}}},"fnMap":{},"branchMap":{},"s":{"0":1,"1":1,"2":1,"3":1,"4":1,"5":1,"6":1,"7":1,"8":1,"9":1},"f":{},"b":{}},"C:\\Users\\james\\Documents\\Development\\alsatian\\core\\alsatian-core.ts":{"path":"C:\\Users\\james\\Documents\\Development\\alsatian\\core\\alsatian-core.ts","statementMap":{"0":{"start":{"line":1,"column":0},"end":{"line":7,"column":17}},"1":{"start":{"line":49,"column":3},"end":{"line":49,"column":16}},"2":{"start":{"line":50,"column":3},"end":{"line":50,"column":9}},"3":{"start":{"line":63,"column":3},"end":{"line":63,"column":10}},"4":{"start":{"line":68,"column":3},"end":{"line":68,"column":14}},"5":{"start":{"line":69,"column":3},"end":{"line":69,"column":13}},"6":{"start":{"line":9,"column":0},"end":{"line":20,"column":23}},"7":{"start":{"line":48,"column":3},"end":{"line":48,"column":12}},"8":{"start":{"line":51,"column":3},"end":{"line":51,"column":12}},"9":{"start":{"line":52,"column":3},"end":{"line":52,"column":13}},"10":{"start":{"line":53,"column":3},"end":{"line":53,"column":13}},"11":{"start":{"line":54,"column":3},"end":{"line":54,"column":14}},"12":{"start":{"line":55,"column":3},"end":{"line":55,"column":8}},"13":{"start":{"line":59,"column":3},"end":{"line":59,"column":11}},"14":{"start":{"line":60,"column":3},"end":{"line":60,"column":7}},"15":{"start":{"line":61,"column":3},"end":{"line":61,"column":11}},"16":{"start":{"line":64,"column":3},"end":{"line":64,"column":10}},"17":{"start":{"line":22,"column":0},"end":{"line":26,"column":19}},"18":{"start":{"line":56,"column":3},"end":{"line":56,"column":14}},"19":{"start":{"line":57,"column":3},"end":{"line":57,"column":8}},"20":{"start":{"line":58,"column":3},"end":{"line":58,"column":16}},"21":{"start":{"line":28,"column":0},"end":{"line":34,"column":20}},"22":{"start":{"line":65,"column":3},"end":{"line":65,"column":17}},"23":{"start":{"line":66,"column":3},"end":{"line":66,"column":14}},"24":{"start":{"line":71,"column":3},"end":{"line":71,"column":21}},"25":{"start":{"line":72,"column":3},"end":{"line":72,"column":14}},"26":{"start":{"line":73,"column":3},"end":{"line":73,"column":17}},"27":{"start":{"line":36,"column":0},"end":{"line":39,"column":19}},"28":{"start":{"line":70,"column":3},"end":{"line":70,"column":13}},"29":{"start":{"line":74,"column":3},"end":{"line":74,"column":19}},"30":{"start":{"line":41,"column":25},"end":{"line":41,"column":61}},"31":{"start":{"line":67,"column":3},"end":{"line":67,"column":16}},"32":{"start":{"line":43,"column":0},"end":{"line":45,"column":20}},"33":{"start":{"line":62,"column":3},"end":{"line":62,"column":13}}},"fnMap":{},"branchMap":{},"s":{"0":1,"1":1,"2":1,"3":1,"4":1,"5":1,"6":1,"7":1,"8":1,"9":1,"10":1,"11":1,"12":1,"13":1,"14":1,"15":1,"16":1,"17":1,"18":1,"19":1,"20":1,"21":1,"22":1,"23":1,"24":1,"25":1,"26":1,"27":1,"28":1,"29":1,"30":1,"31":1,"32":1,"33":1},"f":{},"b":{}},"C:\\Users\\james\\Documents\\Development\\alsatian\\core\\_core.ts":{"path":"C:\\Users\\james\\Documents\\Development\\alsatian\\core\\_core.ts","statementMap":{"0":{"start":{"line":1,"column":0},"end":{"line":1,"column":34}},"1":{"start":{"line":12,"column":4},"end":{"line":12,"column":10}},"2":{"start":{"line":2,"column":0},"end":{"line":2,"column":37}},"3":{"start":{"line":13,"column":4},"end":{"line":13,"column":11}},"4":{"start":{"line":3,"column":0},"end":{"line":3,"column":43}},"5":{"start":{"line":14,"column":4},"end":{"line":14,"column":14}},"6":{"start":{"line":4,"column":0},"end":{"line":4,"column":50}},"7":{"start":{"line":11,"column":4},"end":{"line":11,"column":17}},"8":{"start":{"line":5,"column":0},"end":{"line":5,"column":47}},"9":{"start":{"line":15,"column":4},"end":{"line":15,"column":16}},"10":{"start":{"line":6,"column":0},"end":{"line":6,"column":43}},"11":{"start":{"line":16,"column":4},"end":{"line":16,"column":14}},"12":{"start":{"line":7,"column":0},"end":{"line":7,"column":45}},"13":{"start":{"line":17,"column":4},"end":{"line":17,"column":15}},"14":{"start":{"line":8,"column":0},"end":{"line":8,"column":43}},"15":{"start":{"line":18,"column":4},"end":{"line":18,"column":14}}},"fnMap":{},"branchMap":{},"s":{"0":1,"1":1,"2":1,"3":1,"4":1,"5":1,"6":1,"7":1,"8":1,"9":1,"10":1,"11":1,"12":1,"13":1,"14":1,"15":1},"f":{},"b":{}},"C:\\Users\\james\\Documents\\Development\\alsatian\\core\\expect.ts":{"path":"C:\\Users\\james\\Documents\\Development\\alsatian\\core\\expect.ts","statementMap":{"0":{"start":{"line":1,"column":0},"end":{"line":13,"column":19}},"1":{"start":{"line":20,"column":2},"end":{"line":20,"column":34}},"2":{"start":{"line":19,"column":16},"end":{"line":21,"column":1}},"3":{"start":{"line":26,"column":0},"end":{"line":256,"column":0}},"4":{"start":{"line":29,"column":10},"end":{"line":29,"column":39}},"5":{"start":{"line":32,"column":4},"end":{"line":32,"column":36}},"6":{"start":{"line":38,"column":2},"end":{"line":41,"column":3}},"7":{"start":{"line":39,"column":4},"end":{"line":39,"column":43}},"8":{"start":{"line":40,"column":4},"end":{"line":40,"column":16}},"9":{"start":{"line":47,"column":9},"end":{"line":51,"column":3}},"10":{"start":{"line":48,"column":4},"end":{"line":50,"column":5}},"11":{"start":{"line":49,"column":6},"end":{"line":49,"column":85}},"12":{"start":{"line":57,"column":9},"end":{"line":65,"column":3}},"13":{"start":{"line":59,"column":4},"end":{"line":64,"column":5}},"14":{"start":{"line":61,"column":6},"end":{"line":63,"column":7}},"15":{"start":{"line":62,"column":9},"end":{"line":62,"column":88}},"16":{"start":{"line":67,"column":10},"end":{"line":100,"column":3}},"17":{"start":{"line":70,"column":5},"end":{"line":72,"column":6}},"18":{"start":{"line":71,"column":8},"end":{"line":71,"column":21}},"19":{"start":{"line":75,"column":23},"end":{"line":75,"column":43}},"20":{"start":{"line":76,"column":23},"end":{"line":76,"column":43}},"21":{"start":{"line":79,"column":5},"end":{"line":81,"column":6}},"22":{"start":{"line":80,"column":8},"end":{"line":80,"column":21}},"23":{"start":{"line":84,"column":5},"end":{"line":96,"column":6}},"24":{"start":{"line":85,"column":25},"end":{"line":85,"column":39}},"25":{"start":{"line":88,"column":8},"end":{"line":95,"column":9}},"26":{"start":{"line":91,"column":11},"end":{"line":94,"column":11}},"27":{"start":{"line":93,"column":13},"end":{"line":93,"column":26}},"28":{"start":{"line":99,"column":5},"end":{"line":99,"column":17}},"29":{"start":{"line":106,"column":9},"end":{"line":110,"column":3}},"30":{"start":{"line":107,"column":4},"end":{"line":109,"column":5}},"31":{"start":{"line":108,"column":6},"end":{"line":108,"column":77}},"32":{"start":{"line":115,"column":9},"end":{"line":119,"column":3}},"33":{"start":{"line":116,"column":4},"end":{"line":118,"column":5}},"34":{"start":{"line":117,"column":6},"end":{"line":117,"column":82}},"35":{"start":{"line":124,"column":9},"end":{"line":128,"column":3}},"36":{"start":{"line":125,"column":4},"end":{"line":127,"column":5}},"37":{"start":{"line":126,"column":6},"end":{"line":126,"column":76}},"38":{"start":{"line":133,"column":9},"end":{"line":137,"column":3}},"39":{"start":{"line":134,"column":4},"end":{"line":136,"column":5}},"40":{"start":{"line":135,"column":6},"end":{"line":135,"column":71}},"41":{"start":{"line":143,"column":9},"end":{"line":147,"column":3}},"42":{"start":{"line":144,"column":4},"end":{"line":146,"column":5}},"43":{"start":{"line":145,"column":6},"end":{"line":145,"column":90}},"44":{"start":{"line":153,"column":9},"end":{"line":157,"column":3}},"45":{"start":{"line":154,"column":4},"end":{"line":156,"column":5}},"46":{"start":{"line":155,"column":6},"end":{"line":155,"column":85}},"47":{"start":{"line":163,"column":9},"end":{"line":167,"column":3}},"48":{"start":{"line":164,"column":4},"end":{"line":166,"column":5}},"49":{"start":{"line":165,"column":6},"end":{"line":165,"column":88}},"50":{"start":{"line":172,"column":9},"end":{"line":189,"column":3}},"51":{"start":{"line":175,"column":4},"end":{"line":184,"column":5}},"52":{"start":{"line":176,"column":6},"end":{"line":176,"column":26}},"53":{"start":{"line":179,"column":6},"end":{"line":181,"column":7}},"54":{"start":{"line":180,"column":8},"end":{"line":180,"column":60}},"55":{"start":{"line":183,"column":6},"end":{"line":183,"column":26}},"56":{"start":{"line":186,"column":4},"end":{"line":188,"column":5}},"57":{"start":{"line":187,"column":6},"end":{"line":187,"column":62}},"58":{"start":{"line":196,"column":9},"end":{"line":214,"column":3}},"59":{"start":{"line":197,"column":26},"end":{"line":197,"column":31}},"60":{"start":{"line":200,"column":4},"end":{"line":209,"column":5}},"61":{"start":{"line":201,"column":6},"end":{"line":201,"column":26}},"62":{"start":{"line":204,"column":6},"end":{"line":204,"column":26}},"63":{"start":{"line":206,"column":6},"end":{"line":208,"column":7}},"64":{"start":{"line":207,"column":8},"end":{"line":207,"column":31}},"65":{"start":{"line":211,"column":4},"end":{"line":213,"column":5}},"66":{"start":{"line":212,"column":6},"end":{"line":212,"column":96}},"67":{"start":{"line":219,"column":9},"end":{"line":223,"column":3}},"68":{"start":{"line":220,"column":4},"end":{"line":222,"column":5}},"69":{"start":{"line":221,"column":6},"end":{"line":221,"column":77}},"70":{"start":{"line":229,"column":9},"end":{"line":236,"column":3}},"71":{"start":{"line":229,"column":30},"end":{"line":229,"column":48}},"72":{"start":{"line":229,"column":30},"end":{"line":229,"column":49}},"73":{"start":{"line":230,"column":4},"end":{"line":235,"column":5}},"74":{"start":{"line":231,"column":6},"end":{"line":232,"column":46}},"75":{"start":{"line":231,"column":59},"end":{"line":231,"column":78}},"76":{"start":{"line":234,"column":6},"end":{"line":234,"column":83}},"77":{"start":{"line":241,"column":9},"end":{"line":245,"column":3}},"78":{"start":{"line":242,"column":4},"end":{"line":244,"column":5}},"79":{"start":{"line":243,"column":6},"end":{"line":243,"column":76}},"80":{"start":{"line":251,"column":9},"end":{"line":255,"column":3}},"81":{"start":{"line":252,"column":4},"end":{"line":254,"column":5}},"82":{"start":{"line":252,"column":57},"end":{"line":252,"column":79}},"83":{"start":{"line":253,"column":6},"end":{"line":253,"column":83}},"84":{"start":{"line":256,"column":0},"end":{"line":256,"column":1}},"85":{"start":{"line":26,"column":13},"end":{"line":256,"column":1}}},"fnMap":{"0":{"name":"Expect","decl":{"start":{"line":19,"column":0},"end":{"line":19,"column":22}},"loc":{"start":{"line":19,"column":39},"end":{"line":21,"column":1}}},"1":{"name":"(anonymous_1)","decl":{"start":{"line":26,"column":0},"end":{"line":null,"column":-1}},"loc":{"start":{"line":26,"column":0},"end":{"line":26,"column":-1}}},"2":{"name":"Matcher","decl":{"start":{"line":31,"column":2},"end":{"line":31,"column":20}},"loc":{"start":{"line":31,"column":37},"end":{"line":33,"column":3}}},"3":{"name":"(anonymous_3)","decl":{"start":{"line":38,"column":2},"end":{"line":null,"column":-1}},"loc":{"start":{"line":38,"column":2},"end":{"line":41,"column":3}}},"4":{"name":"(anonymous_4)","decl":{"start":{"line":47,"column":2},"end":{"line":47,"column":13}},"loc":{"start":{"line":47,"column":32},"end":{"line":51,"column":3}}},"5":{"name":"(anonymous_5)","decl":{"start":{"line":57,"column":2},"end":{"line":57,"column":16}},"loc":{"start":{"line":57,"column":35},"end":{"line":65,"column":3}}},"6":{"name":"(anonymous_6)","decl":{"start":{"line":67,"column":2},"end":{"line":67,"column":35}},"loc":{"start":{"line":67,"column":62},"end":{"line":100,"column":3}}},"7":{"name":"(anonymous_7)","decl":{"start":{"line":106,"column":2},"end":{"line":106,"column":16}},"loc":{"start":{"line":106,"column":30},"end":{"line":110,"column":3}}},"8":{"name":"(anonymous_8)","decl":{"start":{"line":115,"column":2},"end":{"line":null,"column":-1}},"loc":{"start":{"line":115,"column":2},"end":{"line":119,"column":3}}},"9":{"name":"(anonymous_9)","decl":{"start":{"line":124,"column":2},"end":{"line":null,"column":-1}},"loc":{"start":{"line":124,"column":2},"end":{"line":128,"column":3}}},"10":{"name":"(anonymous_10)","decl":{"start":{"line":133,"column":2},"end":{"line":null,"column":-1}},"loc":{"start":{"line":133,"column":2},"end":{"line":137,"column":3}}},"11":{"name":"(anonymous_11)","decl":{"start":{"line":143,"column":2},"end":{"line":143,"column":18}},"loc":{"start":{"line":143,"column":39},"end":{"line":147,"column":3}}},"12":{"name":"(anonymous_12)","decl":{"start":{"line":153,"column":2},"end":{"line":153,"column":21}},"loc":{"start":{"line":153,"column":40},"end":{"line":157,"column":3}}},"13":{"name":"(anonymous_13)","decl":{"start":{"line":163,"column":2},"end":{"line":163,"column":24}},"loc":{"start":{"line":163,"column":43},"end":{"line":167,"column":3}}},"14":{"name":"(anonymous_14)","decl":{"start":{"line":172,"column":2},"end":{"line":null,"column":-1}},"loc":{"start":{"line":172,"column":2},"end":{"line":189,"column":3}}},"15":{"name":"(anonymous_15)","decl":{"start":{"line":196,"column":2},"end":{"line":196,"column":21}},"loc":{"start":{"line":196,"column":89},"end":{"line":214,"column":3}}},"16":{"name":"(anonymous_16)","decl":{"start":{"line":219,"column":2},"end":{"line":null,"column":-1}},"loc":{"start":{"line":219,"column":2},"end":{"line":223,"column":3}}},"17":{"name":"(anonymous_17)","decl":{"start":{"line":229,"column":2},"end":{"line":null,"column":-1}},"loc":{"start":{"line":229,"column":2},"end":{"line":236,"column":3}}},"18":{"name":"(anonymous_18)","decl":{"start":{"line":230,"column":39},"end":{"line":230,"column":39}},"loc":{"start":{"line":230,"column":49},"end":{"line":233,"column":5}}},"19":{"name":"(anonymous_19)","decl":{"start":{"line":231,"column":30},"end":{"line":231,"column":30}},"loc":{"start":{"line":231,"column":54},"end":{"line":231,"column":78}}},"20":{"name":"(anonymous_20)","decl":{"start":{"line":241,"column":2},"end":{"line":null,"column":-1}},"loc":{"start":{"line":241,"column":2},"end":{"line":245,"column":3}}},"21":{"name":"(anonymous_21)","decl":{"start":{"line":251,"column":2},"end":{"line":251,"column":24}},"loc":{"start":{"line":251,"column":35},"end":{"line":255,"column":3}}},"22":{"name":"(anonymous_22)","decl":{"start":{"line":252,"column":42},"end":{"line":252,"column":42}},"loc":{"start":{"line":252,"column":52},"end":{"line":252,"column":79}}}},"branchMap":{"0":{"loc":{"start":{"line":48,"column":4},"end":{"line":50,"column":5}},"type":"if","locations":[{"start":{"line":48,"column":4},"end":{"line":50,"column":5}},{"start":{"line":48,"column":4},"end":{"line":50,"column":5}}]},"1":{"loc":{"start":{"line":59,"column":4},"end":{"line":64,"column":5}},"type":"if","locations":[{"start":{"line":59,"column":4},"end":{"line":64,"column":5}},{"start":{"line":59,"column":4},"end":{"line":64,"column":5}}]},"2":{"loc":{"start":{"line":61,"column":6},"end":{"line":63,"column":7}},"type":"if","locations":[{"start":{"line":61,"column":6},"end":{"line":63,"column":7}},{"start":{"line":61,"column":6},"end":{"line":63,"column":7}}]},"3":{"loc":{"start":{"line":61,"column":10},"end":{"line":61,"column":43}},"type":"binary-expr","locations":[{"start":{"line":61,"column":10},"end":{"line":61,"column":43}},{"start":{"line":61,"column":47},"end":{"line":61,"column":133}}]},"4":{"loc":{"start":{"line":70,"column":5},"end":{"line":72,"column":6}},"type":"if","locations":[{"start":{"line":70,"column":5},"end":{"line":72,"column":6}},{"start":{"line":70,"column":5},"end":{"line":72,"column":6}}]},"5":{"loc":{"start":{"line":79,"column":5},"end":{"line":81,"column":6}},"type":"if","locations":[{"start":{"line":79,"column":5},"end":{"line":81,"column":6}},{"start":{"line":79,"column":5},"end":{"line":81,"column":6}}]},"6":{"loc":{"start":{"line":88,"column":8},"end":{"line":95,"column":9}},"type":"if","locations":[{"start":{"line":88,"column":8},"end":{"line":95,"column":9}},{"start":{"line":88,"column":8},"end":{"line":95,"column":9}}]},"7":{"loc":{"start":{"line":91,"column":11},"end":{"line":94,"column":11}},"type":"if","locations":[{"start":{"line":91,"column":11},"end":{"line":94,"column":11}},{"start":{"line":91,"column":11},"end":{"line":94,"column":11}}]},"8":{"loc":{"start":{"line":91,"column":15},"end":{"line":91,"column":55}},"type":"binary-expr","locations":[{"start":{"line":91,"column":15},"end":{"line":91,"column":55}},{"start":{"line":91,"column":59},"end":{"line":91,"column":141}}]},"9":{"loc":{"start":{"line":107,"column":4},"end":{"line":109,"column":5}},"type":"if","locations":[{"start":{"line":107,"column":4},"end":{"line":109,"column":5}},{"start":{"line":107,"column":4},"end":{"line":109,"column":5}}]},"10":{"loc":{"start":{"line":116,"column":4},"end":{"line":118,"column":5}},"type":"if","locations":[{"start":{"line":116,"column":4},"end":{"line":118,"column":5}},{"start":{"line":116,"column":4},"end":{"line":118,"column":5}}]},"11":{"loc":{"start":{"line":125,"column":4},"end":{"line":127,"column":5}},"type":"if","locations":[{"start":{"line":125,"column":4},"end":{"line":127,"column":5}},{"start":{"line":125,"column":4},"end":{"line":127,"column":5}}]},"12":{"loc":{"start":{"line":134,"column":4},"end":{"line":136,"column":5}},"type":"if","locations":[{"start":{"line":134,"column":4},"end":{"line":136,"column":5}},{"start":{"line":134,"column":4},"end":{"line":136,"column":5}}]},"13":{"loc":{"start":{"line":134,"column":9},"end":{"line":134,"column":26}},"type":"binary-expr","locations":[{"start":{"line":134,"column":9},"end":{"line":134,"column":26}},{"start":{"line":134,"column":30},"end":{"line":134,"column":48}},{"start":{"line":134,"column":54},"end":{"line":134,"column":72}},{"start":{"line":134,"column":76},"end":{"line":134,"column":93}}]},"14":{"loc":{"start":{"line":144,"column":4},"end":{"line":146,"column":5}},"type":"if","locations":[{"start":{"line":144,"column":4},"end":{"line":146,"column":5}},{"start":{"line":144,"column":4},"end":{"line":146,"column":5}}]},"15":{"loc":{"start":{"line":154,"column":4},"end":{"line":156,"column":5}},"type":"if","locations":[{"start":{"line":154,"column":4},"end":{"line":156,"column":5}},{"start":{"line":154,"column":4},"end":{"line":156,"column":5}}]},"16":{"loc":{"start":{"line":164,"column":4},"end":{"line":166,"column":5}},"type":"if","locations":[{"start":{"line":164,"column":4},"end":{"line":166,"column":5}},{"start":{"line":164,"column":4},"end":{"line":166,"column":5}}]},"17":{"loc":{"start":{"line":179,"column":6},"end":{"line":181,"column":7}},"type":"if","locations":[{"start":{"line":179,"column":6},"end":{"line":181,"column":7}},{"start":{"line":179,"column":6},"end":{"line":181,"column":7}}]},"18":{"loc":{"start":{"line":186,"column":4},"end":{"line":188,"column":5}},"type":"if","locations":[{"start":{"line":186,"column":4},"end":{"line":188,"column":5}},{"start":{"line":186,"column":4},"end":{"line":188,"column":5}}]},"19":{"loc":{"start":{"line":186,"column":8},"end":{"line":186,"column":25}},"type":"binary-expr","locations":[{"start":{"line":186,"column":8},"end":{"line":186,"column":25}},{"start":{"line":186,"column":29},"end":{"line":186,"column":54}}]},"20":{"loc":{"start":{"line":206,"column":6},"end":{"line":208,"column":7}},"type":"if","locations":[{"start":{"line":206,"column":6},"end":{"line":208,"column":7}},{"start":{"line":206,"column":6},"end":{"line":208,"column":7}}]},"21":{"loc":{"start":{"line":206,"column":10},"end":{"line":206,"column":36}},"type":"binary-expr","locations":[{"start":{"line":206,"column":10},"end":{"line":206,"column":36}},{"start":{"line":206,"column":40},"end":{"line":206,"column":70}}]},"22":{"loc":{"start":{"line":211,"column":4},"end":{"line":213,"column":5}},"type":"if","locations":[{"start":{"line":211,"column":4},"end":{"line":213,"column":5}},{"start":{"line":211,"column":4},"end":{"line":213,"column":5}}]},"23":{"loc":{"start":{"line":220,"column":4},"end":{"line":222,"column":5}},"type":"if","locations":[{"start":{"line":220,"column":4},"end":{"line":222,"column":5}},{"start":{"line":220,"column":4},"end":{"line":222,"column":5}}]},"24":{"loc":{"start":{"line":230,"column":4},"end":{"line":235,"column":5}},"type":"if","locations":[{"start":{"line":230,"column":4},"end":{"line":235,"column":5}},{"start":{"line":230,"column":4},"end":{"line":235,"column":5}}]},"25":{"loc":{"start":{"line":231,"column":13},"end":{"line":231,"column":102}},"type":"binary-expr","locations":[{"start":{"line":231,"column":13},"end":{"line":231,"column":102}},{"start":{"line":232,"column":13},"end":{"line":232,"column":45}}]},"26":{"loc":{"start":{"line":242,"column":4},"end":{"line":244,"column":5}},"type":"if","locations":[{"start":{"line":242,"column":4},"end":{"line":244,"column":5}},{"start":{"line":242,"column":4},"end":{"line":244,"column":5}}]},"27":{"loc":{"start":{"line":252,"column":4},"end":{"line":254,"column":5}},"type":"if","locations":[{"start":{"line":252,"column":4},"end":{"line":254,"column":5}},{"start":{"line":252,"column":4},"end":{"line":254,"column":5}}]}},"s":{"0":1,"1":1655,"2":1,"3":1,"4":1655,"5":1655,"6":1,"7":341,"8":341,"9":1,"10":684,"11":29,"12":1,"13":92,"14":55,"15":25,"16":1,"17":49,"18":8,"19":41,"20":41,"21":41,"22":4,"23":37,"24":64,"25":64,"26":7,"27":4,"28":33,"29":1,"30":8,"31":4,"32":1,"33":49,"34":13,"35":1,"36":60,"37":23,"38":1,"39":16,"40":8,"41":1,"42":16,"43":8,"44":1,"45":16,"46":10,"47":1,"48":16,"49":10,"50":1,"51":251,"52":251,"53":73,"54":2,"55":71,"56":249,"57":2,"58":1,"59":213,"60":213,"61":213,"62":211,"63":211,"64":197,"65":213,"66":13,"67":1,"68":24,"69":4,"70":1,"71":161,"72":171,"73":161,"74":795,"75":812,"76":28,"77":1,"78":6,"79":4,"80":1,"81":43,"82":40,"83":27,"84":1,"85":1},"f":{"0":1655,"1":1,"2":1655,"3":341,"4":684,"5":92,"6":49,"7":8,"8":49,"9":60,"10":16,"11":16,"12":16,"13":16,"14":251,"15":213,"16":24,"17":161,"18":795,"19":812,"20":6,"21":43,"22":40},"b":{"0":[29,655],"1":[55,37],"2":[25,30],"3":[55,44],"4":[8,41],"5":[4,37],"6":[7,57],"7":[4,3],"8":[7,5],"9":[4,4],"10":[13,36],"11":[23,37],"12":[8,8],"13":[16,10,11,6],"14":[8,8],"15":[10,6],"16":[10,6],"17":[2,71],"18":[2,247],"19":[249,73],"20":[197,14],"21":[211,204],"22":[13,200],"23":[4,20],"24":[28,133],"25":[795,125],"26":[4,2],"27":[27,16]}},"C:\\Users\\james\\Documents\\Development\\alsatian\\core\\_errors.ts":{"path":"C:\\Users\\james\\Documents\\Development\\alsatian\\core\\_errors.ts","statementMap":{"0":{"start":{"line":1,"column":0},"end":{"line":1,"column":49}},"1":{"start":{"line":15,"column":4},"end":{"line":15,"column":14}},"2":{"start":{"line":2,"column":0},"end":{"line":2,"column":61}},"3":{"start":{"line":16,"column":4},"end":{"line":16,"column":19}},"4":{"start":{"line":3,"column":0},"end":{"line":3,"column":61}},"5":{"start":{"line":17,"column":4},"end":{"line":17,"column":19}},"6":{"start":{"line":4,"column":0},"end":{"line":4,"column":61}},"7":{"start":{"line":18,"column":4},"end":{"line":18,"column":19}},"8":{"start":{"line":5,"column":0},"end":{"line":5,"column":63}},"9":{"start":{"line":19,"column":4},"end":{"line":19,"column":20}},"10":{"start":{"line":6,"column":0},"end":{"line":6,"column":67}},"11":{"start":{"line":20,"column":4},"end":{"line":20,"column":22}},"12":{"start":{"line":7,"column":0},"end":{"line":7,"column":68}},"13":{"start":{"line":21,"column":4},"end":{"line":21,"column":22}},"14":{"start":{"line":8,"column":0},"end":{"line":8,"column":74}},"15":{"start":{"line":22,"column":4},"end":{"line":22,"column":25}},"16":{"start":{"line":9,"column":0},"end":{"line":9,"column":61}},"17":{"start":{"line":23,"column":4},"end":{"line":23,"column":19}},"18":{"start":{"line":10,"column":0},"end":{"line":10,"column":76}},"19":{"start":{"line":24,"column":4},"end":{"line":24,"column":26}},"20":{"start":{"line":11,"column":0},"end":{"line":11,"column":63}},"21":{"start":{"line":25,"column":4},"end":{"line":25,"column":20}},"22":{"start":{"line":12,"column":0},"end":{"line":12,"column":74}},"23":{"start":{"line":26,"column":4},"end":{"line":26,"column":25}}},"fnMap":{},"branchMap":{},"s":{"0":1,"1":1,"2":1,"3":1,"4":1,"5":1,"6":1,"7":1,"8":1,"9":1,"10":1,"11":1,"12":1,"13":1,"14":1,"15":1,"16":1,"17":1,"18":1,"19":1,"20":1,"21":1,"22":1,"23":1},"f":{},"b":{}},"C:\\Users\\james\\Documents\\Development\\alsatian\\core\\errors\\match-error.ts":{"path":"C:\\Users\\james\\Documents\\Development\\alsatian\\core\\errors\\match-error.ts","statementMap":{"0":{"start":{"line":1,"column":0},"end":{"line":1,"column":37}},"1":{"start":{"line":1,"column":32},"end":{"line":1,"column":37}},"2":{"start":{"line":19,"column":4},"end":{"line":19,"column":19}},"3":{"start":{"line":21,"column":4},"end":{"line":21,"column":28}},"4":{"start":{"line":22,"column":4},"end":{"line":22,"column":36}},"5":{"start":{"line":23,"column":4},"end":{"line":23,"column":40}},"6":{"start":{"line":4,"column":2},"end":{"line":6,"column":3}},"7":{"start":{"line":5,"column":4},"end":{"line":5,"column":29}},"8":{"start":{"line":9,"column":2},"end":{"line":11,"column":3}},"9":{"start":{"line":10,"column":4},"end":{"line":10,"column":31}},"10":{"start":{"line":14,"column":2},"end":{"line":16,"column":3}},"11":{"start":{"line":15,"column":4},"end":{"line":15,"column":25}},"12":{"start":{"line":25,"column":0},"end":{"line":25,"column":1}},"13":{"start":{"line":1,"column":13},"end":{"line":25,"column":1}}},"fnMap":{"0":{"name":"(anonymous_2)","decl":{"start":{"line":1,"column":0},"end":{"line":null,"column":-1}},"loc":{"start":{"line":1,"column":0},"end":{"line":1,"column":-1}}},"1":{"name":"MatchError","decl":{"start":{"line":18,"column":2},"end":{"line":18,"column":20}},"loc":{"start":{"line":18,"column":74},"end":{"line":24,"column":3}}},"2":{"name":"(anonymous_4)","decl":{"start":{"line":4,"column":2},"end":{"line":null,"column":-1}},"loc":{"start":{"line":4,"column":2},"end":{"line":6,"column":3}}},"3":{"name":"(anonymous_5)","decl":{"start":{"line":9,"column":2},"end":{"line":null,"column":-1}},"loc":{"start":{"line":9,"column":2},"end":{"line":11,"column":3}}},"4":{"name":"(anonymous_6)","decl":{"start":{"line":14,"column":2},"end":{"line":null,"column":-1}},"loc":{"start":{"line":14,"column":2},"end":{"line":16,"column":3}}}},"branchMap":{},"s":{"0":1,"1":1,"2":399,"3":399,"4":399,"5":399,"6":1,"7":32,"8":1,"9":32,"10":1,"11":292,"12":1,"13":1},"f":{"0":1,"1":399,"2":32,"3":32,"4":292},"b":{}},"C:\\Users\\james\\Documents\\Development\\alsatian\\core\\errors\\exact-match-error.ts":{"path":"C:\\Users\\james\\Documents\\Development\\alsatian\\core\\errors\\exact-match-error.ts","statementMap":{"0":{"start":{"line":1,"column":0},"end":{"line":1,"column":40}},"1":{"start":{"line":3,"column":0},"end":{"line":3,"column":47}},"2":{"start":{"line":3,"column":37},"end":{"line":3,"column":47}},"3":{"start":{"line":6,"column":4},"end":{"line":6,"column":150}},"4":{"start":{"line":8,"column":0},"end":{"line":8,"column":1}},"5":{"start":{"line":3,"column":13},"end":{"line":8,"column":1}}},"fnMap":{"0":{"name":"(anonymous_2)","decl":{"start":{"line":3,"column":0},"end":{"line":null,"column":-1}},"loc":{"start":{"line":3,"column":0},"end":{"line":3,"column":-1}}},"1":{"name":"ExactMatchError","decl":{"start":{"line":5,"column":2},"end":{"line":5,"column":20}},"loc":{"start":{"line":5,"column":79},"end":{"line":7,"column":3}}}},"branchMap":{"0":{"loc":{"start":{"line":6,"column":96},"end":{"line":6,"column":102}},"type":"cond-expr","locations":[{"start":{"line":6,"column":96},"end":{"line":6,"column":102}},{"start":{"line":6,"column":105},"end":{"line":6,"column":107}}]}},"s":{"0":1,"1":1,"2":1,"3":87,"4":1,"5":1},"f":{"0":1,"1":87},"b":{"0":[21,66]}},"C:\\Users\\james\\Documents\\Development\\alsatian\\core\\errors\\equal-match-error.ts":{"path":"C:\\Users\\james\\Documents\\Development\\alsatian\\core\\errors\\equal-match-error.ts","statementMap":{"0":{"start":{"line":1,"column":0},"end":{"line":1,"column":40}},"1":{"start":{"line":3,"column":0},"end":{"line":3,"column":47}},"2":{"start":{"line":3,"column":37},"end":{"line":3,"column":47}},"3":{"start":{"line":6,"column":4},"end":{"line":6,"column":159}},"4":{"start":{"line":8,"column":0},"end":{"line":8,"column":1}},"5":{"start":{"line":3,"column":13},"end":{"line":8,"column":1}}},"fnMap":{"0":{"name":"(anonymous_2)","decl":{"start":{"line":3,"column":0},"end":{"line":null,"column":-1}},"loc":{"start":{"line":3,"column":0},"end":{"line":3,"column":-1}}},"1":{"name":"EqualMatchError","decl":{"start":{"line":5,"column":2},"end":{"line":5,"column":20}},"loc":{"start":{"line":5,"column":79},"end":{"line":7,"column":3}}}},"branchMap":{"0":{"loc":{"start":{"line":6,"column":96},"end":{"line":6,"column":102}},"type":"cond-expr","locations":[{"start":{"line":6,"column":96},"end":{"line":6,"column":102}},{"start":{"line":6,"column":105},"end":{"line":6,"column":107}}]}},"s":{"0":1,"1":1,"2":1,"3":53,"4":1,"5":1},"f":{"0":1,"1":53},"b":{"0":[18,35]}},"C:\\Users\\james\\Documents\\Development\\alsatian\\core\\errors\\regex-match-error.ts":{"path":"C:\\Users\\james\\Documents\\Development\\alsatian\\core\\errors\\regex-match-error.ts","statementMap":{"0":{"start":{"line":1,"column":0},"end":{"line":1,"column":40}},"1":{"start":{"line":3,"column":0},"end":{"line":3,"column":47}},"2":{"start":{"line":3,"column":37},"end":{"line":3,"column":47}},"3":{"start":{"line":6,"column":4},"end":{"line":6,"column":142}},"4":{"start":{"line":8,"column":0},"end":{"line":8,"column":1}},"5":{"start":{"line":3,"column":13},"end":{"line":8,"column":1}}},"fnMap":{"0":{"name":"(anonymous_2)","decl":{"start":{"line":3,"column":0},"end":{"line":null,"column":-1}},"loc":{"start":{"line":3,"column":0},"end":{"line":3,"column":-1}}},"1":{"name":"RegexMatchError","decl":{"start":{"line":5,"column":2},"end":{"line":5,"column":20}},"loc":{"start":{"line":5,"column":82},"end":{"line":7,"column":3}}}},"branchMap":{"0":{"loc":{"start":{"line":6,"column":96},"end":{"line":6,"column":102}},"type":"cond-expr","locations":[{"start":{"line":6,"column":96},"end":{"line":6,"column":102}},{"start":{"line":6,"column":105},"end":{"line":6,"column":107}}]}},"s":{"0":1,"1":1,"2":1,"3":8,"4":1,"5":1},"f":{"0":1,"1":8},"b":{"0":[4,4]}},"C:\\Users\\james\\Documents\\Development\\alsatian\\core\\errors\\truthy-match-error.ts":{"path":"C:\\Users\\james\\Documents\\Development\\alsatian\\core\\errors\\truthy-match-error.ts","statementMap":{"0":{"start":{"line":1,"column":0},"end":{"line":1,"column":40}},"1":{"start":{"line":3,"column":0},"end":{"line":3,"column":48}},"2":{"start":{"line":3,"column":38},"end":{"line":3,"column":48}},"3":{"start":{"line":6,"column":4},"end":{"line":6,"column":115}},"4":{"start":{"line":8,"column":0},"end":{"line":8,"column":1}},"5":{"start":{"line":3,"column":13},"end":{"line":8,"column":1}}},"fnMap":{"0":{"name":"(anonymous_2)","decl":{"start":{"line":3,"column":0},"end":{"line":null,"column":-1}},"loc":{"start":{"line":3,"column":0},"end":{"line":3,"column":-1}}},"1":{"name":"TruthyMatchError","decl":{"start":{"line":5,"column":2},"end":{"line":5,"column":20}},"loc":{"start":{"line":5,"column":59},"end":{"line":7,"column":3}}}},"branchMap":{"0":{"loc":{"start":{"line":6,"column":87},"end":{"line":6,"column":93}},"type":"cond-expr","locations":[{"start":{"line":6,"column":87},"end":{"line":6,"column":93}},{"start":{"line":6,"column":96},"end":{"line":6,"column":98}}]}},"s":{"0":1,"1":1,"2":1,"3":16,"4":1,"5":1},"f":{"0":1,"1":16},"b":{"0":[9,7]}},"C:\\Users\\james\\Documents\\Development\\alsatian\\core\\errors\\contents-match-error.ts":{"path":"C:\\Users\\james\\Documents\\Development\\alsatian\\core\\errors\\contents-match-error.ts","statementMap":{"0":{"start":{"line":1,"column":0},"end":{"line":1,"column":40}},"1":{"start":{"line":3,"column":0},"end":{"line":3,"column":50}},"2":{"start":{"line":3,"column":40},"end":{"line":3,"column":50}},"3":{"start":{"line":6,"column":4},"end":{"line":6,"column":159}},"4":{"start":{"line":8,"column":0},"end":{"line":8,"column":1}},"5":{"start":{"line":3,"column":13},"end":{"line":8,"column":1}}},"fnMap":{"0":{"name":"(anonymous_2)","decl":{"start":{"line":3,"column":0},"end":{"line":null,"column":-1}},"loc":{"start":{"line":3,"column":0},"end":{"line":3,"column":-1}}},"1":{"name":"ContentsMatchError","decl":{"start":{"line":5,"column":2},"end":{"line":5,"column":20}},"loc":{"start":{"line":5,"column":81},"end":{"line":7,"column":3}}}},"branchMap":{"0":{"loc":{"start":{"line":6,"column":98},"end":{"line":6,"column":104}},"type":"cond-expr","locations":[{"start":{"line":6,"column":98},"end":{"line":6,"column":104}},{"start":{"line":6,"column":107},"end":{"line":6,"column":109}}]}},"s":{"0":1,"1":1,"2":1,"3":16,"4":1,"5":1},"f":{"0":1,"1":16},"b":{"0":[8,8]}},"C:\\Users\\james\\Documents\\Development\\alsatian\\core\\errors\\less-than-match-error.ts":{"path":"C:\\Users\\james\\Documents\\Development\\alsatian\\core\\errors\\less-than-match-error.ts","statementMap":{"0":{"start":{"line":1,"column":0},"end":{"line":1,"column":40}},"1":{"start":{"line":3,"column":0},"end":{"line":3,"column":50}},"2":{"start":{"line":3,"column":40},"end":{"line":3,"column":50}},"3":{"start":{"line":6,"column":4},"end":{"line":6,"column":122}},"4":{"start":{"line":8,"column":0},"end":{"line":8,"column":1}},"5":{"start":{"line":3,"column":13},"end":{"line":8,"column":1}}},"fnMap":{"0":{"name":"(anonymous_2)","decl":{"start":{"line":3,"column":0},"end":{"line":null,"column":-1}},"loc":{"start":{"line":3,"column":0},"end":{"line":3,"column":-1}}},"1":{"name":"LessThanMatchError","decl":{"start":{"line":5,"column":2},"end":{"line":5,"column":20}},"loc":{"start":{"line":5,"column":82},"end":{"line":7,"column":3}}}},"branchMap":{"0":{"loc":{"start":{"line":6,"column":77},"end":{"line":6,"column":83}},"type":"cond-expr","locations":[{"start":{"line":6,"column":77},"end":{"line":6,"column":83}},{"start":{"line":6,"column":86},"end":{"line":6,"column":88}}]}},"s":{"0":1,"1":1,"2":1,"3":15,"4":1,"5":1},"f":{"0":1,"1":15},"b":{"0":[7,8]}},"C:\\Users\\james\\Documents\\Development\\alsatian\\core\\errors\\greater-than-match-error.ts":{"path":"C:\\Users\\james\\Documents\\Development\\alsatian\\core\\errors\\greater-than-match-error.ts","statementMap":{"0":{"start":{"line":1,"column":0},"end":{"line":1,"column":40}},"1":{"start":{"line":3,"column":0},"end":{"line":3,"column":53}},"2":{"start":{"line":3,"column":43},"end":{"line":3,"column":53}},"3":{"start":{"line":6,"column":4},"end":{"line":6,"column":125}},"4":{"start":{"line":8,"column":0},"end":{"line":8,"column":1}},"5":{"start":{"line":3,"column":13},"end":{"line":8,"column":1}}},"fnMap":{"0":{"name":"(anonymous_2)","decl":{"start":{"line":3,"column":0},"end":{"line":null,"column":-1}},"loc":{"start":{"line":3,"column":0},"end":{"line":3,"column":-1}}},"1":{"name":"GreaterThanMatchError","decl":{"start":{"line":5,"column":2},"end":{"line":5,"column":20}},"loc":{"start":{"line":5,"column":82},"end":{"line":7,"column":3}}}},"branchMap":{"0":{"loc":{"start":{"line":6,"column":77},"end":{"line":6,"column":83}},"type":"cond-expr","locations":[{"start":{"line":6,"column":77},"end":{"line":6,"column":83}},{"start":{"line":6,"column":86},"end":{"line":6,"column":88}}]}},"s":{"0":1,"1":1,"2":1,"3":15,"4":1,"5":1},"f":{"0":1,"1":15},"b":{"0":[7,8]}},"C:\\Users\\james\\Documents\\Development\\alsatian\\core\\errors\\error-match-error.ts":{"path":"C:\\Users\\james\\Documents\\Development\\alsatian\\core\\errors\\error-match-error.ts","statementMap":{"0":{"start":{"line":1,"column":0},"end":{"line":1,"column":40}},"1":{"start":{"line":3,"column":0},"end":{"line":3,"column":47}},"2":{"start":{"line":3,"column":37},"end":{"line":3,"column":47}},"3":{"start":{"line":6,"column":6},"end":{"line":6,"column":51}},"4":{"start":{"line":8,"column":6},"end":{"line":18,"column":7}},"5":{"start":{"line":9,"column":9},"end":{"line":9,"column":111}},"6":{"start":{"line":12,"column":9},"end":{"line":17,"column":10}},"7":{"start":{"line":13,"column":12},"end":{"line":13,"column":87}},"8":{"start":{"line":16,"column":12},"end":{"line":16,"column":89}},"9":{"start":{"line":21,"column":11},"end":{"line":31,"column":4}},"10":{"start":{"line":22,"column":6},"end":{"line":30,"column":7}},"11":{"start":{"line":23,"column":9},"end":{"line":23,"column":73}},"12":{"start":{"line":25,"column":11},"end":{"line":30,"column":7}},"13":{"start":{"line":26,"column":9},"end":{"line":26,"column":80}},"14":{"start":{"line":29,"column":9},"end":{"line":29,"column":99}},"15":{"start":{"line":33,"column":11},"end":{"line":35,"column":4}},"16":{"start":{"line":34,"column":6},"end":{"line":34,"column":171}},"17":{"start":{"line":37,"column":11},"end":{"line":39,"column":4}},"18":{"start":{"line":38,"column":6},"end":{"line":38,"column":216}},"19":{"start":{"line":41,"column":11},"end":{"line":43,"column":4}},"20":{"start":{"line":42,"column":6},"end":{"line":42,"column":220}},"21":{"start":{"line":44,"column":0},"end":{"line":44,"column":1}},"22":{"start":{"line":3,"column":13},"end":{"line":44,"column":1}}},"fnMap":{"0":{"name":"(anonymous_2)","decl":{"start":{"line":3,"column":0},"end":{"line":null,"column":-1}},"loc":{"start":{"line":3,"column":0},"end":{"line":3,"column":-1}}},"1":{"name":"ErrorMatchError","decl":{"start":{"line":5,"column":3},"end":{"line":5,"column":21}},"loc":{"start":{"line":5,"column":149},"end":{"line":19,"column":4}}},"2":{"name":"(anonymous_4)","decl":{"start":{"line":21,"column":3},"end":{"line":21,"column":40}},"loc":{"start":{"line":21,"column":168},"end":{"line":31,"column":4}}},"3":{"name":"(anonymous_5)","decl":{"start":{"line":33,"column":3},"end":{"line":33,"column":34}},"loc":{"start":{"line":33,"column":86},"end":{"line":35,"column":4}}},"4":{"name":"(anonymous_6)","decl":{"start":{"line":37,"column":3},"end":{"line":37,"column":41}},"loc":{"start":{"line":37,"column":149},"end":{"line":39,"column":4}}},"5":{"name":"(anonymous_7)","decl":{"start":{"line":41,"column":3},"end":{"line":41,"column":31}},"loc":{"start":{"line":41,"column":128},"end":{"line":43,"column":4}}}},"branchMap":{"0":{"loc":{"start":{"line":8,"column":6},"end":{"line":18,"column":7}},"type":"if","locations":[{"start":{"line":8,"column":6},"end":{"line":18,"column":7}},{"start":{"line":8,"column":6},"end":{"line":18,"column":7}}]},"1":{"loc":{"start":{"line":8,"column":10},"end":{"line":8,"column":27}},"type":"binary-expr","locations":[{"start":{"line":8,"column":10},"end":{"line":8,"column":27}},{"start":{"line":8,"column":31},"end":{"line":8,"column":51}}]},"2":{"loc":{"start":{"line":12,"column":9},"end":{"line":17,"column":10}},"type":"if","locations":[{"start":{"line":12,"column":9},"end":{"line":17,"column":10}},{"start":{"line":12,"column":9},"end":{"line":17,"column":10}}]},"3":{"loc":{"start":{"line":22,"column":6},"end":{"line":30,"column":7}},"type":"if","locations":[{"start":{"line":22,"column":6},"end":{"line":30,"column":7}},{"start":{"line":22,"column":6},"end":{"line":30,"column":7}}]},"4":{"loc":{"start":{"line":22,"column":10},"end":{"line":22,"column":28}},"type":"binary-expr","locations":[{"start":{"line":22,"column":10},"end":{"line":22,"column":28}},{"start":{"line":22,"column":33},"end":{"line":22,"column":53}},{"start":{"line":22,"column":57},"end":{"line":22,"column":97}},{"start":{"line":22,"column":101},"end":{"line":22,"column":145}}]},"5":{"loc":{"start":{"line":25,"column":11},"end":{"line":30,"column":7}},"type":"if","locations":[{"start":{"line":25,"column":11},"end":{"line":30,"column":7}},{"start":{"line":25,"column":11},"end":{"line":30,"column":7}}]},"6":{"loc":{"start":{"line":25,"column":15},"end":{"line":25,"column":49}},"type":"binary-expr","locations":[{"start":{"line":25,"column":15},"end":{"line":25,"column":49}},{"start":{"line":25,"column":54},"end":{"line":25,"column":65}},{"start":{"line":25,"column":69},"end":{"line":25,"column":113}},{"start":{"line":25,"column":117},"end":{"line":25,"column":160}}]},"7":{"loc":{"start":{"line":34,"column":100},"end":{"line":34,"column":106}},"type":"cond-expr","locations":[{"start":{"line":34,"column":100},"end":{"line":34,"column":106}},{"start":{"line":34,"column":109},"end":{"line":34,"column":111}}]},"8":{"loc":{"start":{"line":34,"column":157},"end":{"line":34,"column":159}},"type":"cond-expr","locations":[{"start":{"line":34,"column":157},"end":{"line":34,"column":159}},{"start":{"line":34,"column":162},"end":{"line":34,"column":167}}]},"9":{"loc":{"start":{"line":38,"column":145},"end":{"line":38,"column":151}},"type":"cond-expr","locations":[{"start":{"line":38,"column":145},"end":{"line":38,"column":151}},{"start":{"line":38,"column":154},"end":{"line":38,"column":156}}]},"10":{"loc":{"start":{"line":38,"column":202},"end":{"line":38,"column":204}},"type":"cond-expr","locations":[{"start":{"line":38,"column":202},"end":{"line":38,"column":204}},{"start":{"line":38,"column":207},"end":{"line":38,"column":212}}]},"11":{"loc":{"start":{"line":42,"column":105},"end":{"line":42,"column":111}},"type":"cond-expr","locations":[{"start":{"line":42,"column":105},"end":{"line":42,"column":111}},{"start":{"line":42,"column":114},"end":{"line":42,"column":116}}]},"12":{"loc":{"start":{"line":42,"column":161},"end":{"line":42,"column":205}},"type":"cond-expr","locations":[{"start":{"line":42,"column":161},"end":{"line":42,"column":205}},{"start":{"line":42,"column":208},"end":{"line":42,"column":216}}]}},"s":{"0":1,"1":1,"2":1,"3":57,"4":57,"5":51,"6":6,"7":3,"8":3,"9":1,"10":51,"11":11,"12":40,"13":29,"14":11,"15":1,"16":11,"17":1,"18":11,"19":1,"20":29,"21":1,"22":1},"f":{"0":1,"1":57,"2":51,"3":11,"4":11,"5":29},"b":{"0":[51,6],"1":[57,12],"2":[3,3],"3":[11,40],"4":[51,45,19,9],"5":[29,11],"6":[40,14,13,7],"7":[3,8],"8":[3,8],"9":[4,7],"10":[4,7],"11":[5,24],"12":[24,5]}},"C:\\Users\\james\\Documents\\Development\\alsatian\\core\\errors\\function-call-match-error.ts":{"path":"C:\\Users\\james\\Documents\\Development\\alsatian\\core\\errors\\function-call-match-error.ts","statementMap":{"0":{"start":{"line":1,"column":0},"end":{"line":1,"column":40}},"1":{"start":{"line":3,"column":0},"end":{"line":3,"column":54}},"2":{"start":{"line":3,"column":44},"end":{"line":3,"column":54}},"3":{"start":{"line":6,"column":4},"end":{"line":6,"column":192}},"4":{"start":{"line":6,"column":145},"end":{"line":6,"column":164}},"5":{"start":{"line":8,"column":0},"end":{"line":8,"column":1}},"6":{"start":{"line":3,"column":13},"end":{"line":8,"column":1}}},"fnMap":{"0":{"name":"(anonymous_2)","decl":{"start":{"line":3,"column":0},"end":{"line":null,"column":-1}},"loc":{"start":{"line":3,"column":0},"end":{"line":3,"column":-1}}},"1":{"name":"FunctionCallMatchError","decl":{"start":{"line":5,"column":2},"end":{"line":5,"column":20}},"loc":{"start":{"line":5,"column":78},"end":{"line":7,"column":3}}},"2":{"name":"(anonymous_4)","decl":{"start":{"line":6,"column":138},"end":{"line":6,"column":137}},"loc":{"start":{"line":6,"column":141},"end":{"line":6,"column":164}}}},"branchMap":{"0":{"loc":{"start":{"line":6,"column":84},"end":{"line":6,"column":90}},"type":"cond-expr","locations":[{"start":{"line":6,"column":84},"end":{"line":6,"column":90}},{"start":{"line":6,"column":93},"end":{"line":6,"column":95}}]},"1":{"loc":{"start":{"line":6,"column":117},"end":{"line":6,"column":182}},"type":"cond-expr","locations":[{"start":{"line":6,"column":117},"end":{"line":6,"column":182}},{"start":{"line":6,"column":185},"end":{"line":6,"column":187}}]}},"s":{"0":1,"1":1,"2":1,"3":40,"4":44,"5":1,"6":1},"f":{"0":1,"1":40,"2":44},"b":{"0":[12,28],"1":[34,6]}},"C:\\Users\\james\\Documents\\Development\\alsatian\\core\\errors\\test-timeout-error.ts":{"path":"C:\\Users\\james\\Documents\\Development\\alsatian\\core\\errors\\test-timeout-error.ts","statementMap":{"0":{"start":{"line":1,"column":0},"end":{"line":1,"column":40}},"1":{"start":{"line":3,"column":0},"end":{"line":3,"column":48}},"2":{"start":{"line":3,"column":38},"end":{"line":3,"column":48}},"3":{"start":{"line":5,"column":4},"end":{"line":5,"column":82}},"4":{"start":{"line":7,"column":0},"end":{"line":7,"column":1}},"5":{"start":{"line":3,"column":13},"end":{"line":7,"column":1}}},"fnMap":{"0":{"name":"(anonymous_2)","decl":{"start":{"line":3,"column":0},"end":{"line":null,"column":-1}},"loc":{"start":{"line":3,"column":0},"end":{"line":3,"column":-1}}},"1":{"name":"TestTimeoutError","decl":{"start":{"line":4,"column":2},"end":{"line":4,"column":20}},"loc":{"start":{"line":4,"column":40},"end":{"line":6,"column":3}}}},"branchMap":{},"s":{"0":1,"1":1,"2":1,"3":3,"4":1,"5":1},"f":{"0":1,"1":3},"b":{}},"C:\\Users\\james\\Documents\\Development\\alsatian\\core\\errors\\property-set-match-error.ts":{"path":"C:\\Users\\james\\Documents\\Development\\alsatian\\core\\errors\\property-set-match-error.ts","statementMap":{"0":{"start":{"line":1,"column":0},"end":{"line":1,"column":40}},"1":{"start":{"line":3,"column":0},"end":{"line":3,"column":53}},"2":{"start":{"line":3,"column":43},"end":{"line":3,"column":53}},"3":{"start":{"line":6,"column":4},"end":{"line":6,"column":174}},"4":{"start":{"line":8,"column":0},"end":{"line":8,"column":1}},"5":{"start":{"line":3,"column":13},"end":{"line":8,"column":1}}},"fnMap":{"0":{"name":"(anonymous_2)","decl":{"start":{"line":3,"column":0},"end":{"line":null,"column":-1}},"loc":{"start":{"line":3,"column":0},"end":{"line":3,"column":-1}}},"1":{"name":"PropertySetMatchError","decl":{"start":{"line":5,"column":2},"end":{"line":5,"column":20}},"loc":{"start":{"line":5,"column":72},"end":{"line":7,"column":3}}}},"branchMap":{"0":{"loc":{"start":{"line":6,"column":81},"end":{"line":6,"column":87}},"type":"cond-expr","locations":[{"start":{"line":6,"column":81},"end":{"line":6,"column":87}},{"start":{"line":6,"column":90},"end":{"line":6,"column":92}}]},"1":{"loc":{"start":{"line":6,"column":129},"end":{"line":6,"column":164}},"type":"cond-expr","locations":[{"start":{"line":6,"column":129},"end":{"line":6,"column":164}},{"start":{"line":6,"column":167},"end":{"line":6,"column":169}}]}},"s":{"0":1,"1":1,"2":1,"3":53,"4":1,"5":1},"f":{"0":1,"1":53},"b":{"0":[24,29],"1":[47,6]}},"C:\\Users\\james\\Documents\\Development\\alsatian\\core\\test-set.ts":{"path":"C:\\Users\\james\\Documents\\Development\\alsatian\\core\\test-set.ts","statementMap":{"0":{"start":{"line":4,"column":13},"end":{"line":4,"column":28}},"1":{"start":{"line":6,"column":0},"end":{"line":44,"column":0}},"2":{"start":{"line":14,"column":29},"end":{"line":14,"column":52}},"3":{"start":{"line":14,"column":62},"end":{"line":14,"column":85}},"4":{"start":{"line":8,"column":10},"end":{"line":8,"column":50}},"5":{"start":{"line":10,"column":2},"end":{"line":12,"column":3}},"6":{"start":{"line":11,"column":4},"end":{"line":11,"column":30}},"7":{"start":{"line":18,"column":9},"end":{"line":25,"column":3}},"8":{"start":{"line":20,"column":4},"end":{"line":22,"column":5}},"9":{"start":{"line":21,"column":6},"end":{"line":21,"column":58}},"10":{"start":{"line":24,"column":4},"end":{"line":24,"column":62}},"11":{"start":{"line":27,"column":10},"end":{"line":43,"column":3}},"12":{"start":{"line":27,"column":2},"end":{"line":43,"column":2}},"13":{"start":{"line":28,"column":5},"end":{"line":42,"column":8}},"14":{"start":{"line":30,"column":8},"end":{"line":30,"column":70}},"15":{"start":{"line":32,"column":8},"end":{"line":41,"column":9}},"16":{"start":{"line":33,"column":42},"end":{"line":33,"column":84}},"17":{"start":{"line":35,"column":10},"end":{"line":37,"column":13}},"18":{"start":{"line":36,"column":13},"end":{"line":36,"column":119}},"19":{"start":{"line":40,"column":11},"end":{"line":40,"column":109}},"20":{"start":{"line":44,"column":0},"end":{"line":44,"column":1}},"21":{"start":{"line":6,"column":13},"end":{"line":44,"column":1}}},"fnMap":{"0":{"name":"(anonymous_0)","decl":{"start":{"line":6,"column":0},"end":{"line":null,"column":-1}},"loc":{"start":{"line":6,"column":0},"end":{"line":6,"column":-1}}},"1":{"name":"TestSet","decl":{"start":{"line":14,"column":2},"end":{"line":14,"column":28}},"loc":{"start":{"line":14,"column":85},"end":{"line":14,"column":90}}},"2":{"name":"(anonymous_2)","decl":{"start":{"line":10,"column":2},"end":{"line":null,"column":-1}},"loc":{"start":{"line":10,"column":2},"end":{"line":12,"column":3}}},"3":{"name":"(anonymous_3)","decl":{"start":{"line":18,"column":2},"end":{"line":18,"column":27}},"loc":{"start":{"line":18,"column":70},"end":{"line":25,"column":3}}},"4":{"name":"(anonymous_4)","decl":{"start":{"line":27,"column":2},"end":{"line":27,"column":27}},"loc":{"start":{"line":27,"column":60},"end":{"line":43,"column":3}}},"5":{"name":"(anonymous_5)","decl":{"start":{"line":28,"column":31},"end":{"line":28,"column":30}},"loc":{"start":{"line":28,"column":47},"end":{"line":42,"column":6}}},"6":{"name":"(anonymous_6)","decl":{"start":{"line":35,"column":44},"end":{"line":35,"column":43}},"loc":{"start":{"line":35,"column":68},"end":{"line":37,"column":11}}}},"branchMap":{"0":{"loc":{"start":{"line":20,"column":4},"end":{"line":22,"column":5}},"type":"if","locations":[{"start":{"line":20,"column":4},"end":{"line":22,"column":5}},{"start":{"line":20,"column":4},"end":{"line":22,"column":5}}]},"1":{"loc":{"start":{"line":32,"column":8},"end":{"line":41,"column":9}},"type":"if","locations":[{"start":{"line":32,"column":8},"end":{"line":41,"column":9}},{"start":{"line":32,"column":8},"end":{"line":41,"column":9}}]}},"s":{"0":1,"1":1,"2":12,"3":12,"4":12,"5":1,"6":104,"7":1,"8":2,"9":1,"10":2,"11":1,"12":2,"13":2,"14":2,"15":2,"16":1,"17":1,"18":90,"19":1,"20":1,"21":1},"f":{"0":1,"1":12,"2":104,"3":2,"4":2,"5":2,"6":90},"b":{"0":[1,1],"1":[1,1]}},"C:\\Users\\james\\Documents\\Development\\alsatian\\core\\test-loader.ts":{"path":"C:\\Users\\james\\Documents\\Development\\alsatian\\core\\test-loader.ts","statementMap":{"0":{"start":{"line":3,"column":0},"end":{"line":3,"column":61}},"1":{"start":{"line":5,"column":0},"end":{"line":103,"column":0}},"2":{"start":{"line":7,"column":30},"end":{"line":7,"column":57}},"3":{"start":{"line":9,"column":2},"end":{"line":32,"column":4}},"4":{"start":{"line":9,"column":2},"end":{"line":32,"column":3}},"5":{"start":{"line":10,"column":15},"end":{"line":10,"column":51}},"6":{"start":{"line":11,"column":26},"end":{"line":11,"column":43}},"7":{"start":{"line":12,"column":44},"end":{"line":12,"column":46}},"8":{"start":{"line":15,"column":4},"end":{"line":29,"column":6}},"9":{"start":{"line":16,"column":24},"end":{"line":16,"column":62}},"10":{"start":{"line":17,"column":6},"end":{"line":19,"column":7}},"11":{"start":{"line":18,"column":8},"end":{"line":18,"column":39}},"12":{"start":{"line":23,"column":6},"end":{"line":28,"column":10}},"13":{"start":{"line":24,"column":26},"end":{"line":24,"column":85}},"14":{"start":{"line":25,"column":8},"end":{"line":27,"column":9}},"15":{"start":{"line":26,"column":10},"end":{"line":26,"column":41}},"16":{"start":{"line":31,"column":5},"end":{"line":31,"column":25}},"17":{"start":{"line":34,"column":10},"end":{"line":102,"column":3}},"18":{"start":{"line":35,"column":24},"end":{"line":35,"column":45}},"19":{"start":{"line":37,"column":6},"end":{"line":37,"column":34}},"20":{"start":{"line":39,"column":6},"end":{"line":44,"column":7}},"21":{"start":{"line":41,"column":8},"end":{"line":41,"column":35}},"22":{"start":{"line":43,"column":8},"end":{"line":43,"column":108}},"23":{"start":{"line":47,"column":6},"end":{"line":47,"column":57}},"24":{"start":{"line":50,"column":18},"end":{"line":50,"column":79}},"25":{"start":{"line":52,"column":6},"end":{"line":52,"column":35}},"26":{"start":{"line":54,"column":6},"end":{"line":56,"column":7}},"27":{"start":{"line":55,"column":8},"end":{"line":55,"column":36}},"28":{"start":{"line":58,"column":6},"end":{"line":61,"column":7}},"29":{"start":{"line":60,"column":8},"end":{"line":60,"column":20}},"30":{"start":{"line":63,"column":6},"end":{"line":99,"column":9}},"31":{"start":{"line":66,"column":8},"end":{"line":66,"column":29}},"32":{"start":{"line":67,"column":8},"end":{"line":72,"column":9}},"33":{"start":{"line":68,"column":10},"end":{"line":68,"column":30}},"34":{"start":{"line":71,"column":10},"end":{"line":71,"column":138}},"35":{"start":{"line":74,"column":8},"end":{"line":74,"column":30}},"36":{"start":{"line":76,"column":8},"end":{"line":78,"column":9}},"37":{"start":{"line":77,"column":10},"end":{"line":77,"column":31}},"38":{"start":{"line":80,"column":8},"end":{"line":80,"column":105}},"39":{"start":{"line":82,"column":8},"end":{"line":82,"column":34}},"40":{"start":{"line":84,"column":8},"end":{"line":86,"column":9}},"41":{"start":{"line":85,"column":11},"end":{"line":85,"column":39}},"42":{"start":{"line":88,"column":24},"end":{"line":88,"column":100}},"43":{"start":{"line":89,"column":8},"end":{"line":89,"column":28}},"44":{"start":{"line":91,"column":8},"end":{"line":98,"column":9}},"45":{"start":{"line":92,"column":10},"end":{"line":92,"column":49}},"46":{"start":{"line":95,"column":10},"end":{"line":97,"column":13}},"47":{"start":{"line":96,"column":11},"end":{"line":96,"column":41}},"48":{"start":{"line":101,"column":6},"end":{"line":101,"column":25}},"49":{"start":{"line":103,"column":0},"end":{"line":103,"column":1}},"50":{"start":{"line":5,"column":13},"end":{"line":103,"column":1}}},"fnMap":{"0":{"name":"(anonymous_0)","decl":{"start":{"line":5,"column":0},"end":{"line":null,"column":-1}},"loc":{"start":{"line":5,"column":0},"end":{"line":5,"column":-1}}},"1":{"name":"TestLoader","decl":{"start":{"line":7,"column":3},"end":{"line":7,"column":29}},"loc":{"start":{"line":7,"column":57},"end":{"line":7,"column":62}}},"2":{"name":"(anonymous_2)","decl":{"start":{"line":9,"column":2},"end":{"line":9,"column":17}},"loc":{"start":{"line":9,"column":34},"end":{"line":32,"column":4}}},"3":{"name":"(anonymous_3)","decl":{"start":{"line":23,"column":30},"end":{"line":23,"column":29}},"loc":{"start":{"line":23,"column":44},"end":{"line":28,"column":8}}},"4":{"name":"(anonymous_4)","decl":{"start":{"line":34,"column":2},"end":{"line":34,"column":26}},"loc":{"start":{"line":34,"column":68},"end":{"line":102,"column":3}}},"5":{"name":"(anonymous_5)","decl":{"start":{"line":63,"column":20},"end":{"line":63,"column":20}},"loc":{"start":{"line":63,"column":32},"end":{"line":99,"column":7}}},"6":{"name":"(anonymous_6)","decl":{"start":{"line":95,"column":28},"end":{"line":95,"column":28}},"loc":{"start":{"line":95,"column":48},"end":{"line":97,"column":11}}}},"branchMap":{"0":{"loc":{"start":{"line":15,"column":4},"end":{"line":29,"column":6}},"type":"if","locations":[{"start":{"line":15,"column":4},"end":{"line":29,"column":6}},{"start":{"line":15,"column":4},"end":{"line":29,"column":6}}]},"1":{"loc":{"start":{"line":17,"column":6},"end":{"line":19,"column":7}},"type":"if","locations":[{"start":{"line":17,"column":6},"end":{"line":19,"column":7}},{"start":{"line":17,"column":6},"end":{"line":19,"column":7}}]},"2":{"loc":{"start":{"line":25,"column":8},"end":{"line":27,"column":9}},"type":"if","locations":[{"start":{"line":25,"column":8},"end":{"line":27,"column":9}},{"start":{"line":25,"column":8},"end":{"line":27,"column":9}}]},"3":{"loc":{"start":{"line":39,"column":6},"end":{"line":44,"column":7}},"type":"if","locations":[{"start":{"line":39,"column":6},"end":{"line":44,"column":7}},{"start":{"line":39,"column":6},"end":{"line":44,"column":7}}]},"4":{"loc":{"start":{"line":54,"column":6},"end":{"line":56,"column":7}},"type":"if","locations":[{"start":{"line":54,"column":6},"end":{"line":56,"column":7}},{"start":{"line":54,"column":6},"end":{"line":56,"column":7}}]},"5":{"loc":{"start":{"line":58,"column":6},"end":{"line":61,"column":7}},"type":"if","locations":[{"start":{"line":58,"column":6},"end":{"line":61,"column":7}},{"start":{"line":58,"column":6},"end":{"line":61,"column":7}}]},"6":{"loc":{"start":{"line":67,"column":8},"end":{"line":72,"column":9}},"type":"if","locations":[{"start":{"line":67,"column":8},"end":{"line":72,"column":9}},{"start":{"line":67,"column":8},"end":{"line":72,"column":9}}]},"7":{"loc":{"start":{"line":67,"column":12},"end":{"line":67,"column":31}},"type":"binary-expr","locations":[{"start":{"line":67,"column":12},"end":{"line":67,"column":31}},{"start":{"line":67,"column":35},"end":{"line":67,"column":107}}]},"8":{"loc":{"start":{"line":71,"column":30},"end":{"line":71,"column":109}},"type":"binary-expr","locations":[{"start":{"line":71,"column":30},"end":{"line":71,"column":109}},{"start":{"line":71,"column":113},"end":{"line":71,"column":137}}]},"9":{"loc":{"start":{"line":76,"column":8},"end":{"line":78,"column":9}},"type":"if","locations":[{"start":{"line":76,"column":8},"end":{"line":78,"column":9}},{"start":{"line":76,"column":8},"end":{"line":78,"column":9}}]},"10":{"loc":{"start":{"line":80,"column":23},"end":{"line":80,"column":96}},"type":"binary-expr","locations":[{"start":{"line":80,"column":23},"end":{"line":80,"column":96}},{"start":{"line":80,"column":100},"end":{"line":80,"column":104}}]},"11":{"loc":{"start":{"line":84,"column":8},"end":{"line":86,"column":9}},"type":"if","locations":[{"start":{"line":84,"column":8},"end":{"line":86,"column":9}},{"start":{"line":84,"column":8},"end":{"line":86,"column":9}}]},"12":{"loc":{"start":{"line":91,"column":8},"end":{"line":98,"column":9}},"type":"if","locations":[{"start":{"line":91,"column":8},"end":{"line":98,"column":9}},{"start":{"line":91,"column":8},"end":{"line":98,"column":9}}]}},"s":{"0":1,"1":1,"2":29,"3":1,"4":117,"5":117,"6":117,"7":117,"8":117,"9":17,"10":17,"11":16,"12":100,"13":97,"14":97,"15":95,"16":117,"17":1,"18":114,"19":114,"20":114,"21":6,"22":6,"23":114,"24":114,"25":114,"26":114,"27":2,"28":114,"29":3,"30":111,"31":403,"32":403,"33":10,"34":10,"35":403,"36":403,"37":1,"38":403,"39":403,"40":403,"41":399,"42":403,"43":403,"44":403,"45":172,"46":231,"47":1097,"48":111,"49":1,"50":1},"f":{"0":1,"1":29,"2":117,"3":97,"4":114,"5":403,"6":1097},"b":{"0":[17,100],"1":[16,1],"2":[95,2],"3":[6,108],"4":[2,112],"5":[3,111],"6":[10,393],"7":[403,399],"8":[10,5],"9":[1,402],"10":[403,399],"11":[399,4],"12":[172,231]}},"C:\\Users\\james\\Documents\\Development\\alsatian\\core\\create-test-set.ts":{"path":"C:\\Users\\james\\Documents\\Development\\alsatian\\core\\create-test-set.ts","statementMap":{"0":{"start":{"line":1,"column":0},"end":{"line":1,"column":72}},"1":{"start":{"line":4,"column":21},"end":{"line":4,"column":39}},"2":{"start":{"line":5,"column":19},"end":{"line":5,"column":47}},"3":{"start":{"line":6,"column":19},"end":{"line":6,"column":35}},"4":{"start":{"line":7,"column":2},"end":{"line":7,"column":45}},"5":{"start":{"line":3,"column":16},"end":{"line":8,"column":1}}},"fnMap":{"0":{"name":"createTestSet","decl":{"start":{"line":3,"column":0},"end":{"line":null,"column":-1}},"loc":{"start":{"line":3,"column":0},"end":{"line":8,"column":1}}}},"branchMap":{},"s":{"0":1,"1":1,"2":1,"3":1,"4":1,"5":1},"f":{"0":1},"b":{}},"C:\\Users\\james\\Documents\\Development\\alsatian\\core\\file-requirer.ts":{"path":"C:\\Users\\james\\Documents\\Development\\alsatian\\core\\file-requirer.ts","statementMap":{"0":{"start":{"line":1,"column":0},"end":{"line":5,"column":0}},"1":{"start":{"line":2,"column":3},"end":{"line":4,"column":4}},"2":{"start":{"line":3,"column":6},"end":{"line":3,"column":34}},"3":{"start":{"line":5,"column":0},"end":{"line":5,"column":1}},"4":{"start":{"line":1,"column":13},"end":{"line":5,"column":1}}},"fnMap":{"0":{"name":"(anonymous_0)","decl":{"start":{"line":1,"column":0},"end":{"line":null,"column":-1}},"loc":{"start":{"line":1,"column":0},"end":{"line":1,"column":-1}}},"1":{"name":"(anonymous_2)","decl":{"start":{"line":2,"column":3},"end":{"line":2,"column":10}},"loc":{"start":{"line":2,"column":30},"end":{"line":4,"column":4}}}},"branchMap":{},"s":{"0":1,"1":1,"2":90,"3":1,"4":1},"f":{"0":29,"1":90},"b":{}},"C:\\Users\\james\\Documents\\Development\\alsatian\\core\\glob-helper.ts":{"path":"C:\\Users\\james\\Documents\\Development\\alsatian\\core\\glob-helper.ts","statementMap":{"0":{"start":{"line":1,"column":16},"end":{"line":1,"column":29}},"1":{"start":{"line":3,"column":0},"end":{"line":11,"column":0}},"2":{"start":{"line":4,"column":3},"end":{"line":6,"column":4}},"3":{"start":{"line":5,"column":6},"end":{"line":5,"column":42}},"4":{"start":{"line":8,"column":3},"end":{"line":10,"column":4}},"5":{"start":{"line":9,"column":6},"end":{"line":9,"column":29}},"6":{"start":{"line":11,"column":0},"end":{"line":11,"column":1}},"7":{"start":{"line":3,"column":13},"end":{"line":11,"column":1}}},"fnMap":{"0":{"name":"(anonymous_0)","decl":{"start":{"line":3,"column":0},"end":{"line":null,"column":-1}},"loc":{"start":{"line":3,"column":0},"end":{"line":3,"column":-1}}},"1":{"name":"(anonymous_2)","decl":{"start":{"line":4,"column":3},"end":{"line":4,"column":9}},"loc":{"start":{"line":4,"column":31},"end":{"line":6,"column":4}}},"2":{"name":"(anonymous_3)","decl":{"start":{"line":8,"column":3},"end":{"line":8,"column":10}},"loc":{"start":{"line":8,"column":23},"end":{"line":10,"column":4}}}},"branchMap":{},"s":{"0":1,"1":1,"2":1,"3":1,"4":1,"5":1,"6":1,"7":1},"f":{"0":3,"1":1,"2":1},"b":{}},"C:\\Users\\james\\Documents\\Development\\alsatian\\core\\test-fixture.ts":{"path":"C:\\Users\\james\\Documents\\Development\\alsatian\\core\\test-fixture.ts","statementMap":{"0":{"start":{"line":3,"column":0},"end":{"line":35,"column":0}},"1":{"start":{"line":14,"column":12},"end":{"line":14,"column":38}},"2":{"start":{"line":20,"column":8},"end":{"line":20,"column":30}},"3":{"start":{"line":21,"column":8},"end":{"line":21,"column":29}},"4":{"start":{"line":22,"column":8},"end":{"line":22,"column":38}},"5":{"start":{"line":23,"column":8},"end":{"line":23,"column":26}},"6":{"start":{"line":24,"column":8},"end":{"line":24,"column":39}},"7":{"start":{"line":15,"column":4},"end":{"line":17,"column":4}},"8":{"start":{"line":16,"column":6},"end":{"line":16,"column":25}},"9":{"start":{"line":27,"column":11},"end":{"line":34,"column":5}},"10":{"start":{"line":29,"column":8},"end":{"line":31,"column":9}},"11":{"start":{"line":30,"column":12},"end":{"line":30,"column":19}},"12":{"start":{"line":33,"column":8},"end":{"line":33,"column":30}},"13":{"start":{"line":35,"column":0},"end":{"line":35,"column":1}},"14":{"start":{"line":3,"column":13},"end":{"line":35,"column":1}}},"fnMap":{"0":{"name":"(anonymous_0)","decl":{"start":{"line":3,"column":0},"end":{"line":null,"column":-1}},"loc":{"start":{"line":3,"column":0},"end":{"line":3,"column":-1}}},"1":{"name":"TestFixture","decl":{"start":{"line":19,"column":4},"end":{"line":19,"column":16}},"loc":{"start":{"line":19,"column":36},"end":{"line":25,"column":5}}},"2":{"name":"(anonymous_2)","decl":{"start":{"line":15,"column":4},"end":{"line":null,"column":-1}},"loc":{"start":{"line":15,"column":4},"end":{"line":17,"column":4}}},"3":{"name":"(anonymous_3)","decl":{"start":{"line":27,"column":4},"end":{"line":27,"column":18}},"loc":{"start":{"line":27,"column":30},"end":{"line":34,"column":5}}}},"branchMap":{"0":{"loc":{"start":{"line":29,"column":8},"end":{"line":31,"column":9}},"type":"if","locations":[{"start":{"line":29,"column":8},"end":{"line":31,"column":9}},{"start":{"line":29,"column":8},"end":{"line":31,"column":9}}]}},"s":{"0":1,"1":351,"2":351,"3":351,"4":351,"5":351,"6":351,"7":1,"8":1940,"9":1,"10":415,"11":3,"12":412,"13":1,"14":1},"f":{"0":1,"1":351,"2":1940,"3":415},"b":{"0":[3,412]}},"C:\\Users\\james\\Documents\\Development\\alsatian\\core\\test-output.ts":{"path":"C:\\Users\\james\\Documents\\Development\\alsatian\\core\\test-output.ts","statementMap":{"0":{"start":{"line":2,"column":0},"end":{"line":2,"column":39}},"1":{"start":{"line":3,"column":0},"end":{"line":3,"column":57}},"2":{"start":{"line":5,"column":0},"end":{"line":120,"column":0}},"3":{"start":{"line":10,"column":8},"end":{"line":10,"column":36}},"4":{"start":{"line":13,"column":12},"end":{"line":15,"column":5}},"5":{"start":{"line":14,"column":8},"end":{"line":14,"column":39}},"6":{"start":{"line":17,"column":11},"end":{"line":19,"column":5}},"7":{"start":{"line":18,"column":8},"end":{"line":18,"column":43}},"8":{"start":{"line":21,"column":11},"end":{"line":23,"column":5}},"9":{"start":{"line":22,"column":8},"end":{"line":22,"column":44}},"10":{"start":{"line":25,"column":11},"end":{"line":27,"column":5}},"11":{"start":{"line":26,"column":8},"end":{"line":26,"column":61}},"12":{"start":{"line":29,"column":11},"end":{"line":45,"column":5}},"13":{"start":{"line":30,"column":22},"end":{"line":30,"column":36}},"14":{"start":{"line":31,"column":19},"end":{"line":31,"column":30}},"15":{"start":{"line":32,"column":32},"end":{"line":32,"column":48}},"16":{"start":{"line":34,"column":8},"end":{"line":44,"column":9}},"17":{"start":{"line":35,"column":12},"end":{"line":35,"column":60}},"18":{"start":{"line":36,"column":15},"end":{"line":44,"column":9}},"19":{"start":{"line":37,"column":24},"end":{"line":37,"column":36}},"20":{"start":{"line":39,"column":12},"end":{"line":39,"column":67}},"21":{"start":{"line":40,"column":15},"end":{"line":44,"column":9}},"22":{"start":{"line":41,"column":12},"end":{"line":41,"column":60}},"23":{"start":{"line":43,"column":12},"end":{"line":43,"column":68}},"24":{"start":{"line":47,"column":12},"end":{"line":51,"column":5}},"25":{"start":{"line":48,"column":26},"end":{"line":48,"column":75}},"26":{"start":{"line":50,"column":8},"end":{"line":50,"column":56}},"27":{"start":{"line":53,"column":12},"end":{"line":64,"column":5}},"28":{"start":{"line":54,"column":26},"end":{"line":54,"column":75}},"29":{"start":{"line":57,"column":27},"end":{"line":57,"column":29}},"30":{"start":{"line":59,"column":8},"end":{"line":61,"column":9}},"31":{"start":{"line":60,"column":12},"end":{"line":60,"column":51}},"32":{"start":{"line":63,"column":8},"end":{"line":63,"column":78}},"33":{"start":{"line":66,"column":12},"end":{"line":79,"column":5}},"34":{"start":{"line":67,"column":26},"end":{"line":67,"column":75}},"35":{"start":{"line":69,"column":8},"end":{"line":69,"column":60}},"36":{"start":{"line":71,"column":8},"end":{"line":77,"column":9}},"37":{"start":{"line":72,"column":23},"end":{"line":72,"column":48}},"38":{"start":{"line":74,"column":12},"end":{"line":74,"column":33}},"39":{"start":{"line":76,"column":12},"end":{"line":76,"column":58}},"40":{"start":{"line":81,"column":12},"end":{"line":89,"column":5}},"41":{"start":{"line":81,"column":4},"end":{"line":89,"column":4}},"42":{"start":{"line":82,"column":30},"end":{"line":82,"column":46}},"43":{"start":{"line":84,"column":8},"end":{"line":86,"column":9}},"44":{"start":{"line":85,"column":12},"end":{"line":85,"column":126}},"45":{"start":{"line":85,"column":71},"end":{"line":85,"column":109}},"46":{"start":{"line":88,"column":8},"end":{"line":88,"column":31}},"47":{"start":{"line":91,"column":12},"end":{"line":109,"column":5}},"48":{"start":{"line":93,"column":27},"end":{"line":93,"column":51}},"49":{"start":{"line":96,"column":6},"end":{"line":105,"column":7}},"50":{"start":{"line":97,"column":9},"end":{"line":97,"column":41}},"51":{"start":{"line":100,"column":11},"end":{"line":105,"column":7}},"52":{"start":{"line":101,"column":9},"end":{"line":101,"column":30}},"53":{"start":{"line":103,"column":11},"end":{"line":105,"column":7}},"54":{"start":{"line":104,"column":9},"end":{"line":104,"column":37}},"55":{"start":{"line":108,"column":6},"end":{"line":108,"column":25}},"56":{"start":{"line":111,"column":12},"end":{"line":118,"column":5}},"57":{"start":{"line":112,"column":8},"end":{"line":117,"column":83}},"58":{"start":{"line":120,"column":0},"end":{"line":120,"column":1}},"59":{"start":{"line":5,"column":13},"end":{"line":120,"column":1}}},"fnMap":{"0":{"name":"(anonymous_0)","decl":{"start":{"line":5,"column":0},"end":{"line":null,"column":-1}},"loc":{"start":{"line":5,"column":0},"end":{"line":5,"column":-1}}},"1":{"name":"TestOutput","decl":{"start":{"line":9,"column":4},"end":{"line":9,"column":16}},"loc":{"start":{"line":9,"column":49},"end":{"line":11,"column":5}}},"2":{"name":"(anonymous_2)","decl":{"start":{"line":13,"column":4},"end":{"line":13,"column":21}},"loc":{"start":{"line":13,"column":37},"end":{"line":15,"column":5}}},"3":{"name":"(anonymous_3)","decl":{"start":{"line":17,"column":4},"end":{"line":null,"column":-1}},"loc":{"start":{"line":17,"column":4},"end":{"line":19,"column":5}}},"4":{"name":"(anonymous_4)","decl":{"start":{"line":21,"column":4},"end":{"line":21,"column":19}},"loc":{"start":{"line":21,"column":37},"end":{"line":23,"column":5}}},"5":{"name":"(anonymous_5)","decl":{"start":{"line":25,"column":4},"end":{"line":25,"column":22}},"loc":{"start":{"line":25,"column":44},"end":{"line":27,"column":5}}},"6":{"name":"(anonymous_6)","decl":{"start":{"line":29,"column":4},"end":{"line":29,"column":21}},"loc":{"start":{"line":29,"column":60},"end":{"line":45,"column":5}}},"7":{"name":"(anonymous_7)","decl":{"start":{"line":47,"column":4},"end":{"line":47,"column":21}},"loc":{"start":{"line":47,"column":80},"end":{"line":51,"column":5}}},"8":{"name":"(anonymous_8)","decl":{"start":{"line":53,"column":4},"end":{"line":53,"column":21}},"loc":{"start":{"line":53,"column":80},"end":{"line":64,"column":5}}},"9":{"name":"(anonymous_9)","decl":{"start":{"line":66,"column":4},"end":{"line":66,"column":21}},"loc":{"start":{"line":66,"column":94},"end":{"line":79,"column":5}}},"10":{"name":"(anonymous_10)","decl":{"start":{"line":81,"column":4},"end":{"line":81,"column":31}},"loc":{"start":{"line":81,"column":74},"end":{"line":89,"column":5}}},"11":{"name":"(anonymous_11)","decl":{"start":{"line":85,"column":59},"end":{"line":85,"column":58}},"loc":{"start":{"line":85,"column":67},"end":{"line":85,"column":109}}},"12":{"name":"(anonymous_12)","decl":{"start":{"line":91,"column":4},"end":{"line":91,"column":35}},"loc":{"start":{"line":91,"column":49},"end":{"line":109,"column":5}}},"13":{"name":"(anonymous_13)","decl":{"start":{"line":111,"column":4},"end":{"line":111,"column":25}},"loc":{"start":{"line":111,"column":43},"end":{"line":118,"column":5}}}},"branchMap":{"0":{"loc":{"start":{"line":34,"column":8},"end":{"line":44,"column":9}},"type":"if","locations":[{"start":{"line":34,"column":8},"end":{"line":44,"column":9}},{"start":{"line":34,"column":8},"end":{"line":44,"column":9}}]},"1":{"loc":{"start":{"line":36,"column":15},"end":{"line":44,"column":9}},"type":"if","locations":[{"start":{"line":36,"column":15},"end":{"line":44,"column":9}},{"start":{"line":36,"column":15},"end":{"line":44,"column":9}}]},"2":{"loc":{"start":{"line":36,"column":19},"end":{"line":36,"column":47}},"type":"binary-expr","locations":[{"start":{"line":36,"column":19},"end":{"line":36,"column":47}},{"start":{"line":36,"column":51},"end":{"line":36,"column":80}}]},"3":{"loc":{"start":{"line":40,"column":15},"end":{"line":44,"column":9}},"type":"if","locations":[{"start":{"line":40,"column":15},"end":{"line":44,"column":9}},{"start":{"line":40,"column":15},"end":{"line":44,"column":9}}]},"4":{"loc":{"start":{"line":59,"column":8},"end":{"line":61,"column":9}},"type":"if","locations":[{"start":{"line":59,"column":8},"end":{"line":61,"column":9}},{"start":{"line":59,"column":8},"end":{"line":61,"column":9}}]},"5":{"loc":{"start":{"line":71,"column":8},"end":{"line":77,"column":9}},"type":"if","locations":[{"start":{"line":71,"column":8},"end":{"line":77,"column":9}},{"start":{"line":71,"column":8},"end":{"line":77,"column":9}}]},"6":{"loc":{"start":{"line":84,"column":8},"end":{"line":86,"column":9}},"type":"if","locations":[{"start":{"line":84,"column":8},"end":{"line":86,"column":9}},{"start":{"line":84,"column":8},"end":{"line":86,"column":9}}]},"7":{"loc":{"start":{"line":84,"column":12},"end":{"line":84,"column":43}},"type":"binary-expr","locations":[{"start":{"line":84,"column":12},"end":{"line":84,"column":43}},{"start":{"line":84,"column":47},"end":{"line":84,"column":75}}]},"8":{"loc":{"start":{"line":96,"column":6},"end":{"line":105,"column":7}},"type":"if","locations":[{"start":{"line":96,"column":6},"end":{"line":105,"column":7}},{"start":{"line":96,"column":6},"end":{"line":105,"column":7}}]},"9":{"loc":{"start":{"line":100,"column":11},"end":{"line":105,"column":7}},"type":"if","locations":[{"start":{"line":100,"column":11},"end":{"line":105,"column":7}},{"start":{"line":100,"column":11},"end":{"line":105,"column":7}}]},"10":{"loc":{"start":{"line":100,"column":15},"end":{"line":100,"column":23}},"type":"binary-expr","locations":[{"start":{"line":100,"column":15},"end":{"line":100,"column":23}},{"start":{"line":100,"column":27},"end":{"line":100,"column":40}}]},"11":{"loc":{"start":{"line":103,"column":11},"end":{"line":105,"column":7}},"type":"if","locations":[{"start":{"line":103,"column":11},"end":{"line":105,"column":7}},{"start":{"line":103,"column":11},"end":{"line":105,"column":7}}]}},"s":{"0":1,"1":1,"2":1,"3":119,"4":1,"5":2102,"6":1,"7":54,"8":1,"9":57,"10":1,"11":207,"12":1,"13":1764,"14":1764,"15":1764,"16":1764,"17":1732,"18":32,"19":23,"20":23,"21":9,"22":6,"23":3,"24":1,"25":1732,"26":1732,"27":1,"28":6,"29":6,"30":6,"31":5,"32":6,"33":1,"34":23,"35":23,"36":23,"37":15,"38":15,"39":8,"40":1,"41":1761,"42":1761,"43":1761,"44":1102,"45":1520,"46":1761,"47":1,"48":1520,"49":1520,"50":1320,"51":200,"52":136,"53":64,"54":5,"55":59,"56":1,"57":15,"58":1,"59":1},"f":{"0":1,"1":119,"2":2102,"3":54,"4":57,"5":207,"6":1764,"7":1732,"8":6,"9":23,"10":1761,"11":1520,"12":1520,"13":15},"b":{"0":[1732,32],"1":[23,9],"2":[32,17],"3":[6,3],"4":[5,1],"5":[15,8],"6":[1102,659],"7":[1761,1761],"8":[1320,200],"9":[136,64],"10":[200,141],"11":[5,59]}},"C:\\Users\\james\\Documents\\Development\\alsatian\\core\\_results.ts":{"path":"C:\\Users\\james\\Documents\\Development\\alsatian\\core\\_results.ts","statementMap":{"0":{"start":{"line":1,"column":0},"end":{"line":1,"column":60}},"1":{"start":{"line":8,"column":4},"end":{"line":8,"column":18}},"2":{"start":{"line":2,"column":0},"end":{"line":2,"column":68}},"3":{"start":{"line":9,"column":4},"end":{"line":9,"column":22}},"4":{"start":{"line":3,"column":0},"end":{"line":3,"column":53}},"5":{"start":{"line":10,"column":4},"end":{"line":10,"column":15}},"6":{"start":{"line":4,"column":0},"end":{"line":4,"column":60}},"7":{"start":{"line":11,"column":4},"end":{"line":11,"column":18}},"8":{"start":{"line":5,"column":0},"end":{"line":5,"column":53}},"9":{"start":{"line":12,"column":4},"end":{"line":12,"column":15}}},"fnMap":{},"branchMap":{},"s":{"0":1,"1":1,"2":1,"3":1,"4":1,"5":1,"6":1,"7":1,"8":1,"9":1},"f":{},"b":{}},"C:\\Users\\james\\Documents\\Development\\alsatian\\core\\results\\test-set-results.ts":{"path":"C:\\Users\\james\\Documents\\Development\\alsatian\\core\\results\\test-set-results.ts","statementMap":{"0":{"start":{"line":2,"column":0},"end":{"line":2,"column":45}},"1":{"start":{"line":3,"column":0},"end":{"line":3,"column":60}},"2":{"start":{"line":5,"column":0},"end":{"line":35,"column":0}},"3":{"start":{"line":7,"column":11},"end":{"line":7,"column":63}},"4":{"start":{"line":8,"column":3},"end":{"line":10,"column":4}},"5":{"start":{"line":9,"column":5},"end":{"line":9,"column":37}},"6":{"start":{"line":12,"column":3},"end":{"line":28,"column":4}},"7":{"start":{"line":13,"column":23},"end":{"line":13,"column":99}},"8":{"start":{"line":13,"column":73},"end":{"line":13,"column":98}},"9":{"start":{"line":15,"column":6},"end":{"line":17,"column":7}},"10":{"start":{"line":16,"column":9},"end":{"line":16,"column":34}},"11":{"start":{"line":19,"column":6},"end":{"line":21,"column":7}},"12":{"start":{"line":20,"column":9},"end":{"line":20,"column":33}},"13":{"start":{"line":23,"column":6},"end":{"line":25,"column":7}},"14":{"start":{"line":24,"column":9},"end":{"line":24,"column":33}},"15":{"start":{"line":27,"column":6},"end":{"line":27,"column":30}},"16":{"start":{"line":30,"column":10},"end":{"line":34,"column":4}},"17":{"start":{"line":31,"column":30},"end":{"line":31,"column":65}},"18":{"start":{"line":32,"column":6},"end":{"line":32,"column":55}},"19":{"start":{"line":33,"column":6},"end":{"line":33,"column":31}},"20":{"start":{"line":35,"column":0},"end":{"line":35,"column":1}},"21":{"start":{"line":5,"column":13},"end":{"line":35,"column":1}}},"fnMap":{"0":{"name":"(anonymous_0)","decl":{"start":{"line":5,"column":0},"end":{"line":null,"column":-1}},"loc":{"start":{"line":5,"column":0},"end":{"line":5,"column":-1}}},"1":{"name":"(anonymous_2)","decl":{"start":{"line":8,"column":3},"end":{"line":null,"column":-1}},"loc":{"start":{"line":8,"column":3},"end":{"line":10,"column":4}}},"2":{"name":"(anonymous_3)","decl":{"start":{"line":12,"column":3},"end":{"line":null,"column":-1}},"loc":{"start":{"line":12,"column":3},"end":{"line":28,"column":4}}},"3":{"name":"(anonymous_4)","decl":{"start":{"line":13,"column":52},"end":{"line":13,"column":51}},"loc":{"start":{"line":13,"column":69},"end":{"line":13,"column":98}}},"4":{"name":"(anonymous_5)","decl":{"start":{"line":30,"column":3},"end":{"line":30,"column":30}},"loc":{"start":{"line":30,"column":56},"end":{"line":34,"column":4}}}},"branchMap":{"0":{"loc":{"start":{"line":15,"column":6},"end":{"line":17,"column":7}},"type":"if","locations":[{"start":{"line":15,"column":6},"end":{"line":17,"column":7}},{"start":{"line":15,"column":6},"end":{"line":17,"column":7}}]},"1":{"loc":{"start":{"line":19,"column":6},"end":{"line":21,"column":7}},"type":"if","locations":[{"start":{"line":19,"column":6},"end":{"line":21,"column":7}},{"start":{"line":19,"column":6},"end":{"line":21,"column":7}}]},"2":{"loc":{"start":{"line":23,"column":6},"end":{"line":25,"column":7}},"type":"if","locations":[{"start":{"line":23,"column":6},"end":{"line":25,"column":7}},{"start":{"line":23,"column":6},"end":{"line":25,"column":7}}]}},"s":{"0":1,"1":1,"2":1,"3":81,"4":1,"5":6932,"6":1,"7":21,"8":116,"9":21,"10":10,"11":11,"12":6,"13":5,"14":4,"15":1,"16":1,"17":232,"18":232,"19":232,"20":1,"21":1},"f":{"0":82,"1":6932,"2":21,"3":116,"4":232},"b":{"0":[10,11],"1":[6,5],"2":[4,1]}},"C:\\Users\\james\\Documents\\Development\\alsatian\\core\\results\\test-outcome.ts":{"path":"C:\\Users\\james\\Documents\\Development\\alsatian\\core\\results\\test-outcome.ts","statementMap":{"0":{"start":{"line":1,"column":0},"end":{"line":6,"column":1}},"1":{"start":{"line":2,"column":3},"end":{"line":2,"column":8}},"2":{"start":{"line":3,"column":3},"end":{"line":3,"column":7}},"3":{"start":{"line":4,"column":3},"end":{"line":4,"column":7}},"4":{"start":{"line":5,"column":3},"end":{"line":5,"column":7}},"5":{"start":{"line":1,"column":12},"end":{"line":6,"column":1}}},"fnMap":{"0":{"name":"(anonymous_0)","decl":{"start":{"line":1,"column":0},"end":{"line":1,"column":11}},"loc":{"start":{"line":1,"column":23},"end":{"line":6,"column":1}}}},"branchMap":{"0":{"loc":{"start":{"line":1,"column":12},"end":{"line":1,"column":23}},"type":"binary-expr","locations":[{"start":{"line":1,"column":12},"end":{"line":1,"column":23}},{"start":{"line":1,"column":12},"end":{"line":1,"column":23}}]}},"s":{"0":1,"1":1,"2":1,"3":1,"4":1,"5":1},"f":{"0":1},"b":{"0":[1,1]}},"C:\\Users\\james\\Documents\\Development\\alsatian\\core\\results\\test-fixture-results.ts":{"path":"C:\\Users\\james\\Documents\\Development\\alsatian\\core\\results\\test-fixture-results.ts","statementMap":{"0":{"st
[...]
olumn":11},"end":{"line":13,"column":35}},"6":{"start":{"line":18,"column":11},"end":{"line":18,"column":33}},"7":{"start":{"line":25,"column":6},"end":{"line":25,"column":42}},"8":{"start":{"line":26,"column":6},"end":{"line":26,"column":40}},"9":{"start":{"line":27,"column":6},"end":{"line":27,"column":36}},"10":{"start":{"line":29,"column":6},"end":{"line":31,"column":7}},"11":{"start":{"line":30,"column":9},"end":{"line":30,"column":51}},"12":{"start":{"line":9,"column":3},"end":{"line":11,"column":4}},"13":{"start":{"line":10,"column":6},"end":{"line":10,"column":29}},"14":{"start":{"line":14,"column":3},"end":{"line":16,"column":4}},"15":{"start":{"line":15,"column":6},"end":{"line":15,"column":27}},"16":{"start":{"line":19,"column":3},"end":{"line":21,"column":4}},"17":{"start":{"line":20,"column":6},"end":{"line":20,"column":23}},"18":{"start":{"line":34,"column":11},"end":{"line":46,"column":4}},"19":{"start":{"line":34,"column":3},"end":{"line":46,"column":3}},"20":{"start":{"line":35,"column":6},"end":{"line":43,"column":9}},"21":{"start":{"line":36,"column":34},"end":{"line":36,"column":49}},"22":{"start":{"line":38,"column":9},"end":{"line":40,"column":10}},"23":{"start":{"line":39,"column":12},"end":{"line":39,"column":24}},"24":{"start":{"line":42,"column":9},"end":{"line":42,"column":22}},"25":{"start":{"line":45,"column":6},"end":{"line":45,"column":73}},"26":{"start":{"line":45,"column":34},"end":{"line":45,"column":71}},"27":{"start":{"line":48,"column":11},"end":{"line":70,"column":4}},"28":{"start":{"line":49,"column":25},"end":{"line":49,"column":85}},"29":{"start":{"line":51,"column":6},"end":{"line":67,"column":7}},"30":{"start":{"line":53,"column":25},"end":{"line":53,"column":47}},"31":{"start":{"line":55,"column":9},"end":{"line":57,"column":10}},"32":{"start":{"line":56,"column":12},"end":{"line":56,"column":61}},"33":{"start":{"line":59,"column":9},"end":{"line":59,"column":33}},"34":{"start":{"line":61,"column":31},"end":{"line":61,"column":91}},"35":{"start":{"line":64,"column":9},"end":{"line":66,"column":12}},"36":{"start":{"line":65,"column":12},"end":{"line":65,"column":74}},"37":{"start":{"line":69,"column":6},"end":{"line":69,"column":18}},"38":{"start":{"line":72,"column":11},"end":{"line":82,"column":4}},"39":{"start":{"line":73,"column":28},"end":{"line":73,"column":84}},"40":{"start":{"line":76,"column":6},"end":{"line":76,"column":41}},"41":{"start":{"line":79,"column":6},"end":{"line":81,"column":9}},"42":{"start":{"line":80,"column":8},"end":{"line":80,"column":39}},"43":{"start":{"line":84,"column":11},"end":{"line":96,"column":4}},"44":{"start":{"line":86,"column":32},"end":{"line":86,"column":129}},"45":{"start":{"line":86,"column":62},"end":{"line":86,"column":128}},"46":{"start":{"line":88,"column":6},"end":{"line":93,"column":7}},"47":{"start":{"line":89,"column":9},"end":{"line":89,"column":19}},"48":{"start":{"line":91,"column":11},"end":{"line":93,"column":7}},"49":{"start":{"line":92,"column":9},"end":{"line":92,"column":59}},"50":{"start":{"line":95,"column":6},"end":{"line":95,"column":48}},"51":{"start":{"line":98,"column":11},"end":{"line":113,"column":4}},"52":{"start":{"line":99,"column":28},"end":{"line":99,"column":105}},"53":{"start":{"line":101,"column":6},"end":{"line":103,"column":7}},"54":{"start":{"line":102,"column":9},"end":{"line":102,"column":21}},"55":{"start":{"line":105,"column":28},"end":{"line":105,"column":51}},"56":{"start":{"line":107,"column":6},"end":{"line":112,"column":7}},"57":{"start":{"line":108,"column":9},"end":{"line":108,"column":30}},"58":{"start":{"line":111,"column":9},"end":{"line":111,"column":59}},"59":{"start":{"line":114,"column":0},"end":{"line":114,"column":1}},"60":{"start":{"line":6,"column":13},"end":{"line":114,"column":1}}},"fnMap":{"0":{"name":"(anonymous_0)","decl":{"start":{"line":6,"column":0},"end":{"line":null,"column":-1}},"loc":{"start":{"line":6,"column":0},"end":{"line":6,"column":-1}}},"1":{"name":"AlsatianCliOptions","decl":{"start":{"line":23,"column":3},"end":{"line":23,"column":21}},"loc":{"start":{"line":23,"column":41},"end":{"line":32,"column":4}}},"2":{"name":"(anonymous_2)","decl":{"start":{"line":9,"column":3},"end":{"line":null,"column":-1}},"loc":{"start":{"line":9,"column":3},"end":{"line":11,"column":4}}},"3":{"name":"(anonymous_3)","decl":{"start":{"line":14,"column":3},"end":{"line":null,"column":-1}},"loc":{"start":{"line":14,"column":3},"end":{"line":16,"column":4}}},"4":{"name":"(anonymous_4)","decl":{"start":{"line":19,"column":3},"end":{"line":null,"column":-1}},"loc":{"start":{"line":19,"column":3},"end":{"line":21,"column":4}}},"5":{"name":"(anonymous_5)","decl":{"start":{"line":34,"column":3},"end":{"line":34,"column":28}},"loc":{"start":{"line":34,"column":48},"end":{"line":46,"column":4}}},"6":{"name":"(anonymous_6)","decl":{"start":{"line":35,"column":36},"end":{"line":35,"column":36}},"loc":{"start":{"line":35,"column":49},"end":{"line":43,"column":7}}},"7":{"name":"(anonymous_7)","decl":{"start":{"line":45,"column":25},"end":{"line":45,"column":24}},"loc":{"start":{"line":45,"column":30},"end":{"line":45,"column":71}}},"8":{"name":"(anonymous_8)","decl":{"start":{"line":48,"column":3},"end":{"line":48,"column":26}},"loc":{"start":{"line":48,"column":46},"end":{"line":70,"column":4}}},"9":{"name":"(anonymous_9)","decl":{"start":{"line":64,"column":28},"end":{"line":64,"column":28}},"loc":{"start":{"line":64,"column":41},"end":{"line":66,"column":10}}},"10":{"name":"(anonymous_10)","decl":{"start":{"line":72,"column":3},"end":{"line":72,"column":22}},"loc":{"start":{"line":72,"column":42},"end":{"line":82,"column":4}}},"11":{"name":"(anonymous_11)","decl":{"start":{"line":79,"column":25},"end":{"line":79,"column":25}},"loc":{"start":{"line":79,"column":38},"end":{"line":81,"column":7}}},"12":{"name":"(anonymous_12)","decl":{"start":{"line":84,"column":3},"end":{"line":84,"column":44}},"loc":{"start":{"line":84,"column":114},"end":{"line":96,"column":4}}},"13":{"name":"(anonymous_13)","decl":{"start":{"line":86,"column":44},"end":{"line":86,"column":44}},"loc":{"start":{"line":86,"column":57},"end":{"line":86,"column":128}}},"14":{"name":"(anonymous_14)","decl":{"start":{"line":98,"column":3},"end":{"line":98,"column":44}},"loc":{"start":{"line":98,"column":114},"end":{"line":113,"column":4}}}},"branchMap":{"0":{"loc":{"start":{"line":29,"column":6},"end":{"line":31,"column":7}},"type":"if","locations":[{"start":{"line":29,"column":6},"end":{"line":31,"column":7}},{"start":{"line":29,"column":6},"end":{"line":31,"column":7}}]},"1":{"loc":{"start":{"line":38,"column":9},"end":{"line":40,"column":10}},"type":"if","locations":[{"start":{"line":38,"column":9},"end":{"line":40,"column":10}},{"start":{"line":38,"column":9},"end":{"line":40,"column":10}}]},"2":{"loc":{"start":{"line":38,"column":13},"end":{"line":38,"column":63}},"type":"binary-expr","locations":[{"start":{"line":38,"column":13},"end":{"line":38,"column":63}},{"start":{"line":38,"column":67},"end":{"line":38,"column":83}}]},"3":{"loc":{"start":{"line":38,"column":14},"end":{"line":38,"column":31}},"type":"binary-expr","locations":[{"start":{"line":38,"column":14},"end":{"line":38,"column":31}},{"start":{"line":38,"column":35},"end":{"line":38,"column":54}}]},"4":{"loc":{"start":{"line":51,"column":6},"end":{"line":67,"column":7}},"type":"if","locations":[{"start":{"line":51,"column":6},"end":{"line":67,"column":7}},{"start":{"line":51,"column":6},"end":{"line":67,"column":7}}]},"5":{"loc":{"start":{"line":55,"column":9},"end":{"line":57,"column":10}},"type":"if","locations":[{"start":{"line":55,"column":9},"end":{"line":57,"column":10}},{"start":{"line":55,"column":9},"end":{"line":57,"column":10}}]},"6":{"loc":{"start":{"line":55,"column":13},"end":{"line":55,"column":27}},"type":"binary-expr","locations":[{"start":{"line":55,"column":13},"end":{"line":55,"column":27}},{"start":{"line":55,"column":31},"end":{"line":55,"column":42}},{"start":{"line":55,"column":46},"end":{"line":55,"column":81}}]},"7":{"loc":{"start":{"line":65,"column":19},"end":{"line":65,"column":42}},"type":"binary-expr","locations":[{"start":{"line":65,"column":19},"end":{"line":65,"column":42}},{"start":{"line":65,"column":46},"end":{"line":65,"column":73}}]},"8":{"loc":{"start":{"line":86,"column":62},"end":{"line":86,"column":91}},"type":"binary-expr","locations":[{"start":{"line":86,"column":62},"end":{"line":86,"column":91}},{"start":{"line":86,"column":95},"end":{"line":86,"column":128}}]},"9":{"loc":{"start":{"line":88,"column":6},"end":{"line":93,"column":7}},"type":"if","locations":[{"start":{"line":88,"column":6},"end":{"line":93,"column":7}},{"start":{"line":88,"column":6},"end":{"line":93,"column":7}}]},"10":{"loc":{"start":{"line":91,"column":11},"end":{"line":93,"column":7}},"type":"if","locations":[{"start":{"line":91,"column":11},"end":{"line":93,"column":7}},{"start":{"line":91,"column":11},"end":{"line":93,"column":7}}]},"11":{"loc":{"start":{"line":101,"column":6},"end":{"line":103,"column":7}},"type":"if","locations":[{"start":{"line":101,"column":6},"end":{"line":103,"column":7}},{"start":{"line":101,"column":6},"end":{"line":103,"column":7}}]},"12":{"loc":{"start":{"line":107,"column":6},"end":{"line":112,"column":7}},"type":"if","locations":[{"start":{"line":107,"column":6},"end":{"line":112,"column":7}},{"start":{"line":107,"column":6},"end":{"line":112,"column":7}}]},"13":{"loc":{"start":{"line":107,"column":10},"end":{"line":107,"column":23}},"type":"binary-expr","locations":[{"start":{"line":107,"column":10},"end":{"line":107,"column":23}},{"start":{"line":107,"column":28},"end":{"line":107,"column":52}},{"start":{"line":107,"column":56},"end":{"line":107,"column":87}}]}},"s":{"0":1,"1":1,"2":1,"3":1,"4":1,"5":39,"6":39,"7":39,"8":39,"9":29,"10":26,"11":6,"12":1,"13":10,"14":1,"15":8,"16":1,"17":3,"18":1,"19":39,"20":39,"21":75,"22":75,"23":18,"24":57,"25":39,"26":75,"27":1,"28":39,"29":34,"30":13,"31":13,"32":5,"33":8,"34":8,"35":8,"36":16,"37":21,"38":1,"39":29,"40":26,"41":26,"42":11,"43":1,"44":76,"45":90,"46":76,"47":45,"48":31,"49":6,"50":25,"51":1,"52":39,"53":36,"54":21,"55":15,"56":15,"57":13,"58":2,"59":1,"60":1},"f":{"0":1,"1":39,"2":10,"3":8,"4":3,"5":39,"6":75,"7":75,"8":39,"9":16,"10":29,"11":11,"12":76,"13":90,"14":39},"b":{"0":[6,20],"1":[18,57],"2":[75,50],"3":[75,39],"4":[13,21],"5":[5,8],"6":[13,12,9],"7":[16,8],"8":[90,69],"9":[45,31],"10":[6,25],"11":[21,15],"12":[13,2],"13":[15,13,2]}},"C:\\Users\\james\\Documents\\Development\\alsatian\\cli\\errors\\invalid-argument-names-error.ts":{"path":"C:\\Users\\james\\Documents\\Development\\alsatian\\cli\\errors\\invalid-argument-names-error.ts","statementMap":{"0":{"start":{"line":1,"column":0},"end":{"line":1,"column":52}},"1":{"start":{"line":1,"column":47},"end":{"line":1,"column":52}},"2":{"start":{"line":4,"column":6},"end":{"line":4,"column":14}},"3":{"start":{"line":6,"column":6},"end":{"line":11,"column":7}},"4":{"start":{"line":7,"column":9},"end":{"line":7,"column":91}},"5":{"start":{"line":10,"column":9},"end":{"line":10,"column":134}},"6":{"start":{"line":10,"column":80},"end":{"line":10,"column":115}},"7":{"start":{"line":13,"column":0},"end":{"line":13,"column":1}},"8":{"start":{"line":1,"column":13},"end":{"line":13,"column":1}}},"fnMap":{"0":{"name":"(anonymous_2)","decl":{"start":{"line":1,"column":0},"end":{"line":null,"column":-1}},"loc":{"start":{"line":1,"column":0},"end":{"line":1,"column":-1}}},"1":{"name":"InvalidArgumentNamesError","decl":{"start":{"line":3,"column":3},"end":{"line":3,"column":21}},"loc":{"start":{"line":3,"column":51},"end":{"line":12,"column":4}}},"2":{"name":"(anonymous_4)","decl":{"start":{"line":10,"column":68},"end":{"line":10,"column":67}},"loc":{"start":{"line":10,"column":76},"end":{"line":10,"column":115}}}},"branchMap":{"0":{"loc":{"start":{"line":6,"column":6},"end":{"line":11,"column":7}},"type":"if","locations":[{"start":{"line":6,"column":6},"end":{"line":11,"column":7}},{"start":{"line":6,"column":6},"end":{"line":11,"column":7}}]}},"s":{"0":1,"1":1,"2":6,"3":6,"4":4,"5":2,"6":5,"7":1,"8":1},"f":{"0":1,"1":6,"2":5},"b":{"0":[4,2]}},"C:\\Users\\james\\Documents\\Development\\alsatian\\cli\\errors\\invalid-timeout-value-error.ts":{"path":"C:\\Users\\james\\Documents\\Development\\alsatian\\cli\\errors\\invalid-timeout-value-error.ts","statementMap":{"0":{"start":{"line":2,"column":0},"end":{"line":2,"column":51}},"1":{"start":{"line":2,"column":46},"end":{"line":2,"column":51}},"2":{"start":{"line":4,"column":6},"end":{"line":4,"column":14}},"3":{"start":{"line":6,"column":6},"end":{"line":6,"column":70}},"4":{"start":{"line":8,"column":0},"end":{"line":8,"column":1}},"5":{"start":{"line":2,"column":13},"end":{"line":8,"column":1}}},"fnMap":{"0":{"name":"(anonymous_2)","decl":{"start":{"line":2,"column":0},"end":{"line":null,"column":-1}},"loc":{"start":{"line":2,"column":0},"end":{"line":2,"column":-1}}},"1":{"name":"InvalidTimeoutValueError","decl":{"start":{"line":3,"column":3},"end":{"line":3,"column":21}},"loc":{"start":{"line":3,"column":42},"end":{"line":7,"column":4}}}},"branchMap":{},"s":{"0":1,"1":1,"2":5,"3":5,"4":1,"5":1},"f":{"0":1,"1":5},"b":{}},"C:\\Users\\james\\Documents\\Development\\alsatian\\cli\\errors\\duplicate-cli-argument-error.ts":{"path":"C:\\Users\\james\\Documents\\Development\\alsatian\\cli\\errors\\duplicate-cli-argument-error.ts","statementMap":{"0":{"start":{"line":1,"column":0},"end":{"line":1,"column":52}},"1":{"start":{"line":1,"column":47},"end":{"line":1,"column":52}},"2":{"start":{"line":3,"column":6},"end":{"line":3,"column":14}},"3":{"start":{"line":5,"column":6},"end":{"line":5,"column":76}},"4":{"start":{"line":7,"column":0},"end":{"line":7,"column":1}},"5":{"start":{"line":1,"column":13},"end":{"line":7,"column":1}}},"fnMap":{"0":{"name":"(anonymous_2)","decl":{"start":{"line":1,"column":0},"end":{"line":null,"column":-1}},"loc":{"start":{"line":1,"column":0},"end":{"line":1,"column":-1}}},"1":{"name":"DuplicateCliArgumentError","decl":{"start":{"line":2,"column":3},"end":{"line":2,"column":21}},"loc":{"start":{"line":2,"column":42},"end":{"line":6,"column":4}}}},"branchMap":{},"s":{"0":1,"1":1,"2":6,"3":6,"4":1,"5":1},"f":{"0":1,"1":6},"b":{}},"C:\\Users\\james\\Documents\\Development\\alsatian\\cli\\errors\\missing-argument-value-error.ts":{"path":"C:\\Users\\james\\Documents\\Development\\alsatian\\cli\\errors\\missing-argument-value-error.ts","statementMap":{"0":{"start":{"line":1,"column":0},"end":{"line":1,"column":52}},"1":{"start":{"line":1,"column":47},"end":{"line":1,"column":52}},"2":{"start":{"line":3,"column":6},"end":{"line":3,"column":14}},"3":{"start":{"line":5,"column":6},"end":{"line":5,"column":68}},"4":{"start":{"line":7,"column":0},"end":{"line":7,"column":1}},"5":{"start":{"line":1,"column":13},"end":{"line":7,"column":1}}},"fnMap":{"0":{"name":"(anonymous_2)","decl":{"start":{"line":1,"column":0},"end":{"line":null,"column":-1}},"loc":{"start":{"line":1,"column":0},"end":{"line":1,"column":-1}}},"1":{"name":"MissingArgumentValueError","decl":{"start":{"line":2,"column":3},"end":{"line":2,"column":21}},"loc":{"start":{"line":2,"column":42},"end":{"line":6,"column":4}}}},"branchMap":{},"s":{"0":1,"1":1,"2":2,"3":2,"4":1,"5":1},"f":{"0":1,"1":2},"b":{}},"C:\\Users\\james\\Documents\\Development\\alsatian\\core\\spying\\any-argument.ts":{"path":"C:\\Users\\james\\Documents\\Development\\alsatian\\core\\spying\\any-argument.ts","statementMap":{"0":{"start":{"line":1,"column":0},"end":{"line":1,"column":41}},"1":{"start":{"line":4,"column":3},"end":{"line":4,"column":32}},"2":{"start":{"line":3,"column":16},"end":{"line":5,"column":1}}},"fnMap":{"0":{"name":"Any","decl":{"start":{"line":3,"column":0},"end":{"line":3,"column":19}},"loc":{"start":{"line":3,"column":61},"end":{"line":5,"column":1}}}},"branchMap":{},"s":{"0":1,"1":8,"2":1},"f":{"0":8},"b":{}},"C:\\Users\\james\\Documents\\Development\\alsatian\\core\\spying\\type-matcher.ts":{"path":"C:\\Users\\james\\Documents\\Development\\alsatian\\core\\spying\\type-matcher.ts","statementMap":{"0":{"start":{"line":1,"column":0},"end":{"line":30,"column":0}},"1":{"start":{"line":9,"column":6},"end":{"line":11,"column":7}},"2":{"start":{"line":10,"column":9},"end":{"line":10,"column":67}},"3":{"start":{"line":13,"column":6},"end":{"line":13,"column":24}},"4":{"start":{"line":4,"column":3},"end":{"line":6,"column":4}},"5":{"start":{"line":5,"column":6},"end":{"line":5,"column":24}},"6":{"start":{"line":16,"column":10},"end":{"line":29,"column":4}},"7":{"start":{"line":17,"column":6},"end":{"line":28,"column":7}},"8":{"start":{"line":18,"column":9},"end":{"line":18,"column":73}},"9":{"start":{"line":20,"column":11},"end":{"line":28,"column":7}},"10":{"start":{"line":21,"column":9},"end":{"line":21,"column":73}},"11":{"start":{"line":23,"column":11},"end":{"line":28,"column":7}},"12":{"start":{"line":24,"column":9},"end":{"line":24,"column":74}},"13":{"start":{"line":27,"column":9},"end":{"line":27,"column":44}},"14":{"start":{"line":30,"column":0},"end":{"line":30,"column":1}},"15":{"start":{"line":1,"column":13},"end":{"line":30,"column":1}}},"fnMap":{"0":{"name":"(anonymous_0)","decl":{"start":{"line":1,"column":0},"end":{"line":null,"column":-1}},"loc":{"start":{"line":1,"column":0},"end":{"line":1,"column":-1}}},"1":{"name":"TypeMatcher","decl":{"start":{"line":8,"column":3},"end":{"line":8,"column":21}},"loc":{"start":{"line":8,"column":63},"end":{"line":14,"column":4}}},"2":{"name":"(anonymous_2)","decl":{"start":{"line":4,"column":3},"end":{"line":null,"column":-1}},"loc":{"start":{"line":4,"column":3},"end":{"line":6,"column":4}}},"3":{"name":"(anonymous_3)","decl":{"start":{"line":16,"column":3},"end":{"line":16,"column":14}},"loc":{"start":{"line":16,"column":25},"end":{"line":29,"column":4}}}},"branchMap":{"0":{"loc":{"start":{"line":9,"column":6},"end":{"line":11,"column":7}},"type":"if","locations":[{"start":{"line":9,"column":6},"end":{"line":11,"column":7}},{"start":{"line":9,"column":6},"end":{"line":11,"column":7}}]},"1":{"loc":{"start":{"line":9,"column":10},"end":{"line":9,"column":23}},"type":"binary-expr","locations":[{"start":{"line":9,"column":10},"end":{"line":9,"column":23}},{"start":{"line":9,"column":27},"end":{"line":9,"column":45}}]},"2":{"loc":{"start":{"line":17,"column":6},"end":{"line":28,"column":7}},"type":"if","locations":[{"start":{"line":17,"column":6},"end":{"line":28,"column":7}},{"start":{"line":17,"column":6},"end":{"line":28,"column":7}}]},"3":{"loc":{"start":{"line":18,"column":16},"end":{"line":18,"column":41}},"type":"binary-expr","locations":[{"start":{"line":18,"column":16},"end":{"line":18,"column":41}},{"start":{"line":18,"column":45},"end":{"line":18,"column":72}}]},"4":{"loc":{"start":{"line":20,"column":11},"end":{"line":28,"column":7}},"type":"if","locations":[{"start":{"line":20,"column":11},"end":{"line":28,"column":7}},{"start":{"line":20,"column":11},"end":{"line":28,"column":7}}]},"5":{"loc":{"start":{"line":21,"column":16},"end":{"line":21,"column":41}},"type":"binary-expr","locations":[{"start":{"line":21,"column":16},"end":{"line":21,"column":41}},{"start":{"line":21,"column":45},"end":{"line":21,"column":72}}]},"6":{"loc":{"start":{"line":23,"column":11},"end":{"line":28,"column":7}},"type":"if","locations":[{"start":{"line":23,"column":11},"end":{"line":28,"column":7}},{"start":{"line":23,"column":11},"end":{"line":28,"column":7}}]},"7":{"loc":{"start":{"line":24,"column":16},"end":{"line":24,"column":42}},"type":"binary-expr","locations":[{"start":{"line":24,"column":16},"end":{"line":24,"column":42}},{"start":{"line":24,"column":46},"end":{"line":24,"column":73}}]}},"s":{"0":1,"1":164,"2":2,"3":162,"4":1,"5":0,"6":1,"7":156,"8":28,"9":128,"10":28,"11":100,"12":28,"13":72,"14":1,"15":1},"f":{"0":1,"1":164,"2":0,"3":156},"b":{"0":[2,162],"1":[164,163],"2":[28,128],"3":[28,26],"4":[28,100],"5":[28,24],"6":[28,72],"7":[28,26]}}}